<?xml version="1.0" encoding="UTF-8"?>
<robot generator="Robot 3.1.2 (Python 3.9.8 on win32)" generated="20221007 00:33:16.217" rpa="false">
<suite id="s1" name="Userstory1 &amp; Userstory2 &amp; Userstory3 &amp; Userstory4 &amp; Tax Relief Computation Boundry Test">
<suite id="s1-s1" name="Userstory1" source="E:\Assignment\oppenheimer-project-test\tests\userstory1.robot">
<test id="s1-s1-t1" name="TC1:Should insert valid single record of working class hero (POST)">
<kw name="Create API Session" type="setup">
<kw name="Create Session" library="RequestsLibrary">
<doc>Create Session: create a HTTP session to a server</doc>
<arguments>
<arg>insertsession</arg>
<arg>${base_url}</arg>
</arguments>
<msg timestamp="20221007 00:33:16.418" level="INFO">Creating Session using : alias=insertsession, url=http://localhost:8080, headers={},                     cookies={}, auth=None, timeout=None, proxies=None, verify=False,                     debug=0 </msg>
<status status="PASS" starttime="20221007 00:33:16.418" endtime="20221007 00:33:16.418"></status>
</kw>
<status status="PASS" starttime="20221007 00:33:16.418" endtime="20221007 00:33:16.418"></status>
</kw>
<kw name="Create Dictionary" library="BuiltIn">
<doc>Creates and returns a dictionary based on the given ``items``.</doc>
<arguments>
<arg>birthday=01111982</arg>
<arg>gender=M</arg>
<arg>name=Jay</arg>
<arg>natid=gthyjukilo</arg>
<arg>salary=255444</arg>
<arg>tax=4454</arg>
</arguments>
<assign>
<var>${body}</var>
</assign>
<msg timestamp="20221007 00:33:16.418" level="INFO">${body} = {'birthday': '01111982', 'gender': 'M', 'name': 'Jay', 'natid': 'gthyjukilo', 'salary': '255444', 'tax': '4454'}</msg>
<status status="PASS" starttime="20221007 00:33:16.418" endtime="20221007 00:33:16.418"></status>
</kw>
<kw name="Log To Console" library="BuiltIn">
<doc>Logs the given message to the console.</doc>
<arguments>
<arg>${body}</arg>
</arguments>
<status status="PASS" starttime="20221007 00:33:16.418" endtime="20221007 00:33:16.418"></status>
</kw>
<kw name="POST On Session" library="RequestsLibrary">
<doc>Sends a POST request on a previously created HTTP Session.</doc>
<arguments>
<arg>insertsession</arg>
<arg>/calculator/insert</arg>
<arg>json=${body}</arg>
<arg>headers=${header}</arg>
<arg>expected_status=202</arg>
</arguments>
<assign>
<var>${response}</var>
</assign>
<msg timestamp="20221007 00:33:16.433" level="INFO">POST Request : url=http://localhost:8080/calculator/insert 
 path_url=/calculator/insert 
 headers={'User-Agent': 'python-requests/2.27.1', 'Accept-Encoding': 'gzip, deflate, br', 'Accept': '*/*', 'Connection': 'keep-alive', 'content-type': 'application/json', 'Content-Length': '112'} 
 body=b'{"birthday": "01111982", "gender": "M", "name": "Jay", "natid": "gthyjukilo", "salary": "255444", "tax": "4454"}' 
 </msg>
<msg timestamp="20221007 00:33:16.433" level="INFO">POST Response : url=http://localhost:8080/calculator/insert 
 status=202, reason= 
 headers={'Content-Type': 'text/plain;charset=UTF-8', 'Content-Length': '7', 'Date': 'Thu, 06 Oct 2022 16:33:16 GMT'} 
 body=Alright 
 </msg>
<msg timestamp="20221007 00:33:16.433" level="INFO">${response} = &lt;Response [202]&gt;</msg>
<status status="PASS" starttime="20221007 00:33:16.418" endtime="20221007 00:33:16.433"></status>
</kw>
<kw name="Log To Console" library="BuiltIn">
<doc>Logs the given message to the console.</doc>
<arguments>
<arg>${response.status_code}</arg>
</arguments>
<status status="PASS" starttime="20221007 00:33:16.433" endtime="20221007 00:33:16.433"></status>
</kw>
<kw name="Log To Console" library="BuiltIn">
<doc>Logs the given message to the console.</doc>
<arguments>
<arg>${response.content}</arg>
</arguments>
<status status="PASS" starttime="20221007 00:33:16.433" endtime="20221007 00:33:16.433"></status>
</kw>
<kw name="Delete Test Data and Sessions" type="teardown">
<kw name="POST On Session" library="RequestsLibrary">
<doc>Sends a POST request on a previously created HTTP Session.</doc>
<arguments>
<arg>insertsession</arg>
<arg>/calculator/rakeDatabase</arg>
</arguments>
<msg timestamp="20221007 00:33:16.487" level="INFO">POST Request : url=http://localhost:8080/calculator/rakeDatabase 
 path_url=/calculator/rakeDatabase 
 headers={'User-Agent': 'python-requests/2.27.1', 'Accept-Encoding': 'gzip, deflate, br', 'Accept': '*/*', 'Connection': 'keep-alive', 'Content-Length': '0'} 
 body=None 
 </msg>
<msg timestamp="20221007 00:33:16.487" level="INFO">POST Response : url=http://localhost:8080/calculator/rakeDatabase 
 status=200, reason= 
 headers={'Content-Type': 'text/plain;charset=UTF-8', 'Content-Length': '21', 'Date': 'Thu, 06 Oct 2022 16:33:16 GMT'} 
 body=Successfully raked DB 
 </msg>
<status status="PASS" starttime="20221007 00:33:16.433" endtime="20221007 00:33:16.487"></status>
</kw>
<kw name="Delete All Sessions" library="RequestsLibrary">
<doc>Removes all the session objects</doc>
<msg timestamp="20221007 00:33:16.487" level="INFO">Deleting All Sessions</msg>
<status status="PASS" starttime="20221007 00:33:16.487" endtime="20221007 00:33:16.487"></status>
</kw>
<status status="PASS" starttime="20221007 00:33:16.433" endtime="20221007 00:33:16.487"></status>
</kw>
<status status="PASS" starttime="20221007 00:33:16.418" endtime="20221007 00:33:16.487" critical="yes"></status>
</test>
<test id="s1-s1-t2" name="TC2: Should not insert null single record of working class hero (POST)">
<kw name="Create API Session" type="setup">
<kw name="Create Session" library="RequestsLibrary">
<doc>Create Session: create a HTTP session to a server</doc>
<arguments>
<arg>insertsession</arg>
<arg>${base_url}</arg>
</arguments>
<msg timestamp="20221007 00:33:16.487" level="INFO">Creating Session using : alias=insertsession, url=http://localhost:8080, headers={},                     cookies={}, auth=None, timeout=None, proxies=None, verify=False,                     debug=0 </msg>
<status status="PASS" starttime="20221007 00:33:16.487" endtime="20221007 00:33:16.487"></status>
</kw>
<status status="PASS" starttime="20221007 00:33:16.487" endtime="20221007 00:33:16.487"></status>
</kw>
<kw name="Create Dictionary" library="BuiltIn">
<doc>Creates and returns a dictionary based on the given ``items``.</doc>
<arguments>
<arg>birthday=null</arg>
<arg>gender=null</arg>
<arg>name=null</arg>
<arg>natid=null</arg>
<arg>salary=null</arg>
<arg>tax=null</arg>
</arguments>
<assign>
<var>${body}</var>
</assign>
<msg timestamp="20221007 00:33:16.487" level="INFO">${body} = {'birthday': 'null', 'gender': 'null', 'name': 'null', 'natid': 'null', 'salary': 'null', 'tax': 'null'}</msg>
<status status="PASS" starttime="20221007 00:33:16.487" endtime="20221007 00:33:16.487"></status>
</kw>
<kw name="POST On Session" library="RequestsLibrary">
<doc>Sends a POST request on a previously created HTTP Session.</doc>
<arguments>
<arg>insertsession</arg>
<arg>/calculator/insert</arg>
<arg>json=${body}</arg>
<arg>headers=${header}</arg>
<arg>expected_status=500</arg>
</arguments>
<assign>
<var>${response}</var>
</assign>
<msg timestamp="20221007 00:33:16.502" level="INFO">POST Request : url=http://localhost:8080/calculator/insert 
 path_url=/calculator/insert 
 headers={'User-Agent': 'python-requests/2.27.1', 'Accept-Encoding': 'gzip, deflate, br', 'Accept': '*/*', 'Connection': 'keep-alive', 'content-type': 'application/json', 'Content-Length': '104'} 
 body=b'{"birthday": "null", "gender": "null", "name": "null", "natid": "null", "salary": "null", "tax": "null"}' 
 </msg>
<msg timestamp="20221007 00:33:16.502" level="INFO">POST Response : url=http://localhost:8080/calculator/insert 
 status=500, reason= 
 headers={'Content-Type': 'application/json;charset=UTF-8', 'Transfer-Encoding': 'chunked', 'Date': 'Thu, 06 Oct 2022 16:33:16 GMT', 'Connection': 'close'} 
 body={"timestamp":"2022-10-06T16:33:16.502+0000","status":500,"error":"Internal Server Error","message":"Text 'null' could not be parsed at index 0","path":"/calculator/insert"} 
 </msg>
<msg timestamp="20221007 00:33:16.502" level="INFO">${response} = &lt;Response [500]&gt;</msg>
<status status="PASS" starttime="20221007 00:33:16.487" endtime="20221007 00:33:16.502"></status>
</kw>
<kw name="Log To Console" library="BuiltIn">
<doc>Logs the given message to the console.</doc>
<arguments>
<arg>${response.status_code}</arg>
</arguments>
<status status="PASS" starttime="20221007 00:33:16.502" endtime="20221007 00:33:16.502"></status>
</kw>
<kw name="Log To Console" library="BuiltIn">
<doc>Logs the given message to the console.</doc>
<arguments>
<arg>${response.content}</arg>
</arguments>
<status status="PASS" starttime="20221007 00:33:16.502" endtime="20221007 00:33:16.502"></status>
</kw>
<kw name="Delete Test Data and Sessions" type="teardown">
<kw name="POST On Session" library="RequestsLibrary">
<doc>Sends a POST request on a previously created HTTP Session.</doc>
<arguments>
<arg>insertsession</arg>
<arg>/calculator/rakeDatabase</arg>
</arguments>
<msg timestamp="20221007 00:33:16.502" level="INFO">POST Request : url=http://localhost:8080/calculator/rakeDatabase 
 path_url=/calculator/rakeDatabase 
 headers={'User-Agent': 'python-requests/2.27.1', 'Accept-Encoding': 'gzip, deflate, br', 'Accept': '*/*', 'Connection': 'keep-alive', 'Content-Length': '0'} 
 body=None 
 </msg>
<msg timestamp="20221007 00:33:16.502" level="INFO">POST Response : url=http://localhost:8080/calculator/rakeDatabase 
 status=200, reason= 
 headers={'Content-Type': 'text/plain;charset=UTF-8', 'Content-Length': '21', 'Date': 'Thu, 06 Oct 2022 16:33:16 GMT'} 
 body=Successfully raked DB 
 </msg>
<status status="PASS" starttime="20221007 00:33:16.502" endtime="20221007 00:33:16.502"></status>
</kw>
<kw name="Delete All Sessions" library="RequestsLibrary">
<doc>Removes all the session objects</doc>
<msg timestamp="20221007 00:33:16.502" level="INFO">Deleting All Sessions</msg>
<status status="PASS" starttime="20221007 00:33:16.502" endtime="20221007 00:33:16.502"></status>
</kw>
<status status="PASS" starttime="20221007 00:33:16.502" endtime="20221007 00:33:16.502"></status>
</kw>
<status status="PASS" starttime="20221007 00:33:16.487" endtime="20221007 00:33:16.502" critical="yes"></status>
</test>
<test id="s1-s1-t3" name="TC3:Should not insert empty string single record of working class hero (POST)">
<kw name="Create API Session" type="setup">
<kw name="Create Session" library="RequestsLibrary">
<doc>Create Session: create a HTTP session to a server</doc>
<arguments>
<arg>insertsession</arg>
<arg>${base_url}</arg>
</arguments>
<msg timestamp="20221007 00:33:16.502" level="INFO">Creating Session using : alias=insertsession, url=http://localhost:8080, headers={},                     cookies={}, auth=None, timeout=None, proxies=None, verify=False,                     debug=0 </msg>
<status status="PASS" starttime="20221007 00:33:16.502" endtime="20221007 00:33:16.502"></status>
</kw>
<status status="PASS" starttime="20221007 00:33:16.502" endtime="20221007 00:33:16.502"></status>
</kw>
<kw name="Create Dictionary" library="BuiltIn">
<doc>Creates and returns a dictionary based on the given ``items``.</doc>
<arguments>
<arg>birthday=</arg>
<arg>gender=</arg>
<arg>name=</arg>
<arg>natid=</arg>
<arg>salary=</arg>
<arg>tax=</arg>
</arguments>
<assign>
<var>${body}</var>
</assign>
<msg timestamp="20221007 00:33:16.502" level="INFO">${body} = {'birthday': '', 'gender': '', 'name': '', 'natid': '', 'salary': '', 'tax': ''}</msg>
<status status="PASS" starttime="20221007 00:33:16.502" endtime="20221007 00:33:16.518"></status>
</kw>
<kw name="POST On Session" library="RequestsLibrary">
<doc>Sends a POST request on a previously created HTTP Session.</doc>
<arguments>
<arg>insertsession</arg>
<arg>/calculator/insert</arg>
<arg>json=${body}</arg>
<arg>headers=${header}</arg>
<arg>expected_status=500</arg>
</arguments>
<assign>
<var>${response}</var>
</assign>
<msg timestamp="20221007 00:33:16.534" level="INFO">POST Request : url=http://localhost:8080/calculator/insert 
 path_url=/calculator/insert 
 headers={'User-Agent': 'python-requests/2.27.1', 'Accept-Encoding': 'gzip, deflate, br', 'Accept': '*/*', 'Connection': 'keep-alive', 'content-type': 'application/json', 'Content-Length': '80'} 
 body=b'{"birthday": "", "gender": "", "name": "", "natid": "", "salary": "", "tax": ""}' 
 </msg>
<msg timestamp="20221007 00:33:16.534" level="INFO">POST Response : url=http://localhost:8080/calculator/insert 
 status=500, reason= 
 headers={'Content-Type': 'application/json;charset=UTF-8', 'Transfer-Encoding': 'chunked', 'Date': 'Thu, 06 Oct 2022 16:33:16 GMT', 'Connection': 'close'} 
 body={"timestamp":"2022-10-06T16:33:16.533+0000","status":500,"error":"Internal Server Error","message":"Text '' could not be parsed at index 0","path":"/calculator/insert"} 
 </msg>
<msg timestamp="20221007 00:33:16.534" level="INFO">${response} = &lt;Response [500]&gt;</msg>
<status status="PASS" starttime="20221007 00:33:16.518" endtime="20221007 00:33:16.534"></status>
</kw>
<kw name="Log To Console" library="BuiltIn">
<doc>Logs the given message to the console.</doc>
<arguments>
<arg>${response.status_code}</arg>
</arguments>
<status status="PASS" starttime="20221007 00:33:16.534" endtime="20221007 00:33:16.534"></status>
</kw>
<kw name="Log To Console" library="BuiltIn">
<doc>Logs the given message to the console.</doc>
<arguments>
<arg>${response.content}</arg>
</arguments>
<status status="PASS" starttime="20221007 00:33:16.534" endtime="20221007 00:33:16.534"></status>
</kw>
<kw name="Delete Test Data and Sessions" type="teardown">
<kw name="POST On Session" library="RequestsLibrary">
<doc>Sends a POST request on a previously created HTTP Session.</doc>
<arguments>
<arg>insertsession</arg>
<arg>/calculator/rakeDatabase</arg>
</arguments>
<msg timestamp="20221007 00:33:16.534" level="INFO">POST Request : url=http://localhost:8080/calculator/rakeDatabase 
 path_url=/calculator/rakeDatabase 
 headers={'User-Agent': 'python-requests/2.27.1', 'Accept-Encoding': 'gzip, deflate, br', 'Accept': '*/*', 'Connection': 'keep-alive', 'Content-Length': '0'} 
 body=None 
 </msg>
<msg timestamp="20221007 00:33:16.534" level="INFO">POST Response : url=http://localhost:8080/calculator/rakeDatabase 
 status=200, reason= 
 headers={'Content-Type': 'text/plain;charset=UTF-8', 'Content-Length': '21', 'Date': 'Thu, 06 Oct 2022 16:33:16 GMT'} 
 body=Successfully raked DB 
 </msg>
<status status="PASS" starttime="20221007 00:33:16.534" endtime="20221007 00:33:16.534"></status>
</kw>
<kw name="Delete All Sessions" library="RequestsLibrary">
<doc>Removes all the session objects</doc>
<msg timestamp="20221007 00:33:16.534" level="INFO">Deleting All Sessions</msg>
<status status="PASS" starttime="20221007 00:33:16.534" endtime="20221007 00:33:16.534"></status>
</kw>
<status status="PASS" starttime="20221007 00:33:16.534" endtime="20221007 00:33:16.534"></status>
</kw>
<status status="PASS" starttime="20221007 00:33:16.502" endtime="20221007 00:33:16.534" critical="yes"></status>
</test>
<test id="s1-s1-t4" name="TC4:Should not insert partial valid single record of working class hero (POST)">
<kw name="Create API Session" type="setup">
<kw name="Create Session" library="RequestsLibrary">
<doc>Create Session: create a HTTP session to a server</doc>
<arguments>
<arg>insertsession</arg>
<arg>${base_url}</arg>
</arguments>
<msg timestamp="20221007 00:33:16.534" level="INFO">Creating Session using : alias=insertsession, url=http://localhost:8080, headers={},                     cookies={}, auth=None, timeout=None, proxies=None, verify=False,                     debug=0 </msg>
<status status="PASS" starttime="20221007 00:33:16.534" endtime="20221007 00:33:16.534"></status>
</kw>
<status status="PASS" starttime="20221007 00:33:16.534" endtime="20221007 00:33:16.534"></status>
</kw>
<kw name="Create Dictionary" library="BuiltIn">
<doc>Creates and returns a dictionary based on the given ``items``.</doc>
<arguments>
<arg>birthday=01111982</arg>
<arg>gender=M</arg>
<arg>name=Jay</arg>
</arguments>
<assign>
<var>${body}</var>
</assign>
<msg timestamp="20221007 00:33:16.534" level="INFO">${body} = {'birthday': '01111982', 'gender': 'M', 'name': 'Jay'}</msg>
<status status="PASS" starttime="20221007 00:33:16.534" endtime="20221007 00:33:16.534"></status>
</kw>
<kw name="POST On Session" library="RequestsLibrary">
<doc>Sends a POST request on a previously created HTTP Session.</doc>
<arguments>
<arg>insertsession</arg>
<arg>/calculator/insert</arg>
<arg>json=${body}</arg>
<arg>headers=${header}</arg>
<arg>expected_status=500</arg>
</arguments>
<assign>
<var>${response}</var>
</assign>
<msg timestamp="20221007 00:33:16.549" level="INFO">POST Request : url=http://localhost:8080/calculator/insert 
 path_url=/calculator/insert 
 headers={'User-Agent': 'python-requests/2.27.1', 'Accept-Encoding': 'gzip, deflate, br', 'Accept': '*/*', 'Connection': 'keep-alive', 'content-type': 'application/json', 'Content-Length': '54'} 
 body=b'{"birthday": "01111982", "gender": "M", "name": "Jay"}' 
 </msg>
<msg timestamp="20221007 00:33:16.549" level="INFO">POST Response : url=http://localhost:8080/calculator/insert 
 status=500, reason= 
 headers={'Content-Type': 'application/json;charset=UTF-8', 'Transfer-Encoding': 'chunked', 'Date': 'Thu, 06 Oct 2022 16:33:16 GMT', 'Connection': 'close'} 
 body={"timestamp":"2022-10-06T16:33:16.549+0000","status":500,"error":"Internal Server Error","message":"No message available","path":"/calculator/insert"} 
 </msg>
<msg timestamp="20221007 00:33:16.549" level="INFO">${response} = &lt;Response [500]&gt;</msg>
<status status="PASS" starttime="20221007 00:33:16.534" endtime="20221007 00:33:16.549"></status>
</kw>
<kw name="Log To Console" library="BuiltIn">
<doc>Logs the given message to the console.</doc>
<arguments>
<arg>${response.status_code}</arg>
</arguments>
<status status="PASS" starttime="20221007 00:33:16.556" endtime="20221007 00:33:16.556"></status>
</kw>
<kw name="Log To Console" library="BuiltIn">
<doc>Logs the given message to the console.</doc>
<arguments>
<arg>${response.content}</arg>
</arguments>
<status status="PASS" starttime="20221007 00:33:16.556" endtime="20221007 00:33:16.556"></status>
</kw>
<kw name="Delete Test Data and Sessions" type="teardown">
<kw name="POST On Session" library="RequestsLibrary">
<doc>Sends a POST request on a previously created HTTP Session.</doc>
<arguments>
<arg>insertsession</arg>
<arg>/calculator/rakeDatabase</arg>
</arguments>
<msg timestamp="20221007 00:33:16.556" level="INFO">POST Request : url=http://localhost:8080/calculator/rakeDatabase 
 path_url=/calculator/rakeDatabase 
 headers={'User-Agent': 'python-requests/2.27.1', 'Accept-Encoding': 'gzip, deflate, br', 'Accept': '*/*', 'Connection': 'keep-alive', 'Content-Length': '0'} 
 body=None 
 </msg>
<msg timestamp="20221007 00:33:16.556" level="INFO">POST Response : url=http://localhost:8080/calculator/rakeDatabase 
 status=200, reason= 
 headers={'Content-Type': 'text/plain;charset=UTF-8', 'Content-Length': '21', 'Date': 'Thu, 06 Oct 2022 16:33:16 GMT'} 
 body=Successfully raked DB 
 </msg>
<status status="PASS" starttime="20221007 00:33:16.556" endtime="20221007 00:33:16.556"></status>
</kw>
<kw name="Delete All Sessions" library="RequestsLibrary">
<doc>Removes all the session objects</doc>
<msg timestamp="20221007 00:33:16.556" level="INFO">Deleting All Sessions</msg>
<status status="PASS" starttime="20221007 00:33:16.556" endtime="20221007 00:33:16.556"></status>
</kw>
<status status="PASS" starttime="20221007 00:33:16.556" endtime="20221007 00:33:16.556"></status>
</kw>
<status status="PASS" starttime="20221007 00:33:16.534" endtime="20221007 00:33:16.556" critical="yes"></status>
</test>
<test id="s1-s1-t5" name="TC5:Should not insert invalid single record of working class hero (POST)">
<kw name="Create API Session" type="setup">
<kw name="Create Session" library="RequestsLibrary">
<doc>Create Session: create a HTTP session to a server</doc>
<arguments>
<arg>insertsession</arg>
<arg>${base_url}</arg>
</arguments>
<msg timestamp="20221007 00:33:16.556" level="INFO">Creating Session using : alias=insertsession, url=http://localhost:8080, headers={},                     cookies={}, auth=None, timeout=None, proxies=None, verify=False,                     debug=0 </msg>
<status status="PASS" starttime="20221007 00:33:16.556" endtime="20221007 00:33:16.556"></status>
</kw>
<status status="PASS" starttime="20221007 00:33:16.556" endtime="20221007 00:33:16.556"></status>
</kw>
<kw name="Create Dictionary" library="BuiltIn">
<doc>Creates and returns a dictionary based on the given ``items``.</doc>
<arguments>
<arg>birthday=0112665</arg>
<arg>gender=m</arg>
<arg>name=john</arg>
<arg>natid=2525</arg>
<arg>salary=dummy_salary</arg>
<arg>tax=dummy_tax</arg>
</arguments>
<assign>
<var>${body}</var>
</assign>
<msg timestamp="20221007 00:33:16.556" level="INFO">${body} = {'birthday': '0112665', 'gender': 'm', 'name': 'john', 'natid': '2525', 'salary': 'dummy_salary', 'tax': 'dummy_tax'}</msg>
<status status="PASS" starttime="20221007 00:33:16.556" endtime="20221007 00:33:16.556"></status>
</kw>
<kw name="POST On Session" library="RequestsLibrary">
<doc>Sends a POST request on a previously created HTTP Session.</doc>
<arguments>
<arg>insertsession</arg>
<arg>/calculator/insert</arg>
<arg>json=${body}</arg>
<arg>headers=${header}</arg>
<arg>expected_status=500</arg>
</arguments>
<assign>
<var>${response}</var>
</assign>
<msg timestamp="20221007 00:33:16.571" level="INFO">POST Request : url=http://localhost:8080/calculator/insert 
 path_url=/calculator/insert 
 headers={'User-Agent': 'python-requests/2.27.1', 'Accept-Encoding': 'gzip, deflate, br', 'Accept': '*/*', 'Connection': 'keep-alive', 'content-type': 'application/json', 'Content-Length': '117'} 
 body=b'{"birthday": "0112665", "gender": "m", "name": "john", "natid": "2525", "salary": "dummy_salary", "tax": "dummy_tax"}' 
 </msg>
<msg timestamp="20221007 00:33:16.571" level="INFO">POST Response : url=http://localhost:8080/calculator/insert 
 status=500, reason= 
 headers={'Content-Type': 'application/json;charset=UTF-8', 'Transfer-Encoding': 'chunked', 'Date': 'Thu, 06 Oct 2022 16:33:16 GMT', 'Connection': 'close'} 
 body={"timestamp":"2022-10-06T16:33:16.571+0000","status":500,"error":"Internal Server Error","message":"Text '0112665' could not be parsed at index 4","path":"/calculator/insert"} 
 </msg>
<msg timestamp="20221007 00:33:16.571" level="INFO">${response} = &lt;Response [500]&gt;</msg>
<status status="PASS" starttime="20221007 00:33:16.556" endtime="20221007 00:33:16.571"></status>
</kw>
<kw name="Log To Console" library="BuiltIn">
<doc>Logs the given message to the console.</doc>
<arguments>
<arg>${response.status_code}</arg>
</arguments>
<status status="PASS" starttime="20221007 00:33:16.571" endtime="20221007 00:33:16.571"></status>
</kw>
<kw name="Log To Console" library="BuiltIn">
<doc>Logs the given message to the console.</doc>
<arguments>
<arg>${response.content}</arg>
</arguments>
<status status="PASS" starttime="20221007 00:33:16.571" endtime="20221007 00:33:16.571"></status>
</kw>
<kw name="Delete Test Data and Sessions" type="teardown">
<kw name="POST On Session" library="RequestsLibrary">
<doc>Sends a POST request on a previously created HTTP Session.</doc>
<arguments>
<arg>insertsession</arg>
<arg>/calculator/rakeDatabase</arg>
</arguments>
<msg timestamp="20221007 00:33:16.571" level="INFO">POST Request : url=http://localhost:8080/calculator/rakeDatabase 
 path_url=/calculator/rakeDatabase 
 headers={'User-Agent': 'python-requests/2.27.1', 'Accept-Encoding': 'gzip, deflate, br', 'Accept': '*/*', 'Connection': 'keep-alive', 'Content-Length': '0'} 
 body=None 
 </msg>
<msg timestamp="20221007 00:33:16.571" level="INFO">POST Response : url=http://localhost:8080/calculator/rakeDatabase 
 status=200, reason= 
 headers={'Content-Type': 'text/plain;charset=UTF-8', 'Content-Length': '21', 'Date': 'Thu, 06 Oct 2022 16:33:16 GMT'} 
 body=Successfully raked DB 
 </msg>
<status status="PASS" starttime="20221007 00:33:16.571" endtime="20221007 00:33:16.571"></status>
</kw>
<kw name="Delete All Sessions" library="RequestsLibrary">
<doc>Removes all the session objects</doc>
<msg timestamp="20221007 00:33:16.571" level="INFO">Deleting All Sessions</msg>
<status status="PASS" starttime="20221007 00:33:16.571" endtime="20221007 00:33:16.571"></status>
</kw>
<status status="PASS" starttime="20221007 00:33:16.571" endtime="20221007 00:33:16.571"></status>
</kw>
<status status="PASS" starttime="20221007 00:33:16.556" endtime="20221007 00:33:16.571" critical="yes"></status>
</test>
<test id="s1-s1-t6" name="TC6:Should insert single record of working class hero with salary and/or tax in number (POST)">
<kw name="Create API Session" type="setup">
<kw name="Create Session" library="RequestsLibrary">
<doc>Create Session: create a HTTP session to a server</doc>
<arguments>
<arg>insertsession</arg>
<arg>${base_url}</arg>
</arguments>
<msg timestamp="20221007 00:33:16.571" level="INFO">Creating Session using : alias=insertsession, url=http://localhost:8080, headers={},                     cookies={}, auth=None, timeout=None, proxies=None, verify=False,                     debug=0 </msg>
<status status="PASS" starttime="20221007 00:33:16.571" endtime="20221007 00:33:16.571"></status>
</kw>
<status status="PASS" starttime="20221007 00:33:16.571" endtime="20221007 00:33:16.571"></status>
</kw>
<kw name="Convert To Number" library="BuiltIn">
<doc>Converts the given item to a floating point number.</doc>
<arguments>
<arg>22000</arg>
</arguments>
<assign>
<var>${salary}</var>
</assign>
<msg timestamp="20221007 00:33:16.571" level="INFO">${salary} = 22000.0</msg>
<status status="PASS" starttime="20221007 00:33:16.571" endtime="20221007 00:33:16.571"></status>
</kw>
<kw name="Convert To Number" library="BuiltIn">
<doc>Converts the given item to a floating point number.</doc>
<arguments>
<arg>2000</arg>
</arguments>
<assign>
<var>${tax}</var>
</assign>
<msg timestamp="20221007 00:33:16.571" level="INFO">${tax} = 2000.0</msg>
<status status="PASS" starttime="20221007 00:33:16.571" endtime="20221007 00:33:16.571"></status>
</kw>
<kw name="Create Dictionary" library="BuiltIn">
<doc>Creates and returns a dictionary based on the given ``items``.</doc>
<arguments>
<arg>birthday=25021993</arg>
<arg>gender=m</arg>
<arg>name=john</arg>
<arg>natid=gthhyujkio</arg>
<arg>salary=${salary}</arg>
<arg>tax=${tax}</arg>
</arguments>
<assign>
<var>${body}</var>
</assign>
<msg timestamp="20221007 00:33:16.571" level="INFO">${body} = {'birthday': '25021993', 'gender': 'm', 'name': 'john', 'natid': 'gthhyujkio', 'salary': 22000.0, 'tax': 2000.0}</msg>
<status status="PASS" starttime="20221007 00:33:16.571" endtime="20221007 00:33:16.571"></status>
</kw>
<kw name="POST On Session" library="RequestsLibrary">
<doc>Sends a POST request on a previously created HTTP Session.</doc>
<arguments>
<arg>insertsession</arg>
<arg>/calculator/insert</arg>
<arg>json=${body}</arg>
<arg>headers=${header}</arg>
<arg>expected_status=202</arg>
</arguments>
<assign>
<var>${response}</var>
</assign>
<msg timestamp="20221007 00:33:16.587" level="INFO">POST Request : url=http://localhost:8080/calculator/insert 
 path_url=/calculator/insert 
 headers={'User-Agent': 'python-requests/2.27.1', 'Accept-Encoding': 'gzip, deflate, br', 'Accept': '*/*', 'Connection': 'keep-alive', 'content-type': 'application/json', 'Content-Length': '112'} 
 body=b'{"birthday": "25021993", "gender": "m", "name": "john", "natid": "gthhyujkio", "salary": 22000.0, "tax": 2000.0}' 
 </msg>
<msg timestamp="20221007 00:33:16.587" level="INFO">POST Response : url=http://localhost:8080/calculator/insert 
 status=202, reason= 
 headers={'Content-Type': 'text/plain;charset=UTF-8', 'Content-Length': '7', 'Date': 'Thu, 06 Oct 2022 16:33:16 GMT'} 
 body=Alright 
 </msg>
<msg timestamp="20221007 00:33:16.587" level="INFO">${response} = &lt;Response [202]&gt;</msg>
<status status="PASS" starttime="20221007 00:33:16.587" endtime="20221007 00:33:16.587"></status>
</kw>
<kw name="Log To Console" library="BuiltIn">
<doc>Logs the given message to the console.</doc>
<arguments>
<arg>${response.status_code}</arg>
</arguments>
<status status="PASS" starttime="20221007 00:33:16.587" endtime="20221007 00:33:16.587"></status>
</kw>
<kw name="Log To Console" library="BuiltIn">
<doc>Logs the given message to the console.</doc>
<arguments>
<arg>${response.content}</arg>
</arguments>
<status status="PASS" starttime="20221007 00:33:16.587" endtime="20221007 00:33:16.587"></status>
</kw>
<kw name="Delete Test Data and Sessions" type="teardown">
<kw name="POST On Session" library="RequestsLibrary">
<doc>Sends a POST request on a previously created HTTP Session.</doc>
<arguments>
<arg>insertsession</arg>
<arg>/calculator/rakeDatabase</arg>
</arguments>
<msg timestamp="20221007 00:33:16.587" level="INFO">POST Request : url=http://localhost:8080/calculator/rakeDatabase 
 path_url=/calculator/rakeDatabase 
 headers={'User-Agent': 'python-requests/2.27.1', 'Accept-Encoding': 'gzip, deflate, br', 'Accept': '*/*', 'Connection': 'keep-alive', 'Content-Length': '0'} 
 body=None 
 </msg>
<msg timestamp="20221007 00:33:16.587" level="INFO">POST Response : url=http://localhost:8080/calculator/rakeDatabase 
 status=200, reason= 
 headers={'Content-Type': 'text/plain;charset=UTF-8', 'Content-Length': '21', 'Date': 'Thu, 06 Oct 2022 16:33:16 GMT'} 
 body=Successfully raked DB 
 </msg>
<status status="PASS" starttime="20221007 00:33:16.587" endtime="20221007 00:33:16.587"></status>
</kw>
<kw name="Delete All Sessions" library="RequestsLibrary">
<doc>Removes all the session objects</doc>
<msg timestamp="20221007 00:33:16.587" level="INFO">Deleting All Sessions</msg>
<status status="PASS" starttime="20221007 00:33:16.587" endtime="20221007 00:33:16.587"></status>
</kw>
<status status="PASS" starttime="20221007 00:33:16.587" endtime="20221007 00:33:16.587"></status>
</kw>
<status status="PASS" starttime="20221007 00:33:16.571" endtime="20221007 00:33:16.587" critical="yes"></status>
</test>
<test id="s1-s1-t7" name="TC7:Should not insert single record of working class hero with invalid birthday format in DD/MM/YYYY (POST)">
<kw name="Create API Session" type="setup">
<kw name="Create Session" library="RequestsLibrary">
<doc>Create Session: create a HTTP session to a server</doc>
<arguments>
<arg>insertsession</arg>
<arg>${base_url}</arg>
</arguments>
<msg timestamp="20221007 00:33:16.587" level="INFO">Creating Session using : alias=insertsession, url=http://localhost:8080, headers={},                     cookies={}, auth=None, timeout=None, proxies=None, verify=False,                     debug=0 </msg>
<status status="PASS" starttime="20221007 00:33:16.587" endtime="20221007 00:33:16.587"></status>
</kw>
<status status="PASS" starttime="20221007 00:33:16.587" endtime="20221007 00:33:16.603"></status>
</kw>
<kw name="Convert To String" library="BuiltIn">
<doc>Converts the given item to a Unicode string.</doc>
<arguments>
<arg>30/01/1993</arg>
</arguments>
<assign>
<var>${date}</var>
</assign>
<msg timestamp="20221007 00:33:16.603" level="INFO">${date} = 30/01/1993</msg>
<status status="PASS" starttime="20221007 00:33:16.603" endtime="20221007 00:33:16.603"></status>
</kw>
<kw name="Create Dictionary" library="BuiltIn">
<doc>Creates and returns a dictionary based on the given ``items``.</doc>
<arguments>
<arg>birthday=${date}</arg>
<arg>gender=m</arg>
<arg>name=john</arg>
<arg>natid=gthhyujkio</arg>
<arg>salary=25222</arg>
<arg>tax=2000</arg>
</arguments>
<assign>
<var>${body}</var>
</assign>
<msg timestamp="20221007 00:33:16.603" level="INFO">${body} = {'birthday': '30/01/1993', 'gender': 'm', 'name': 'john', 'natid': 'gthhyujkio', 'salary': '25222', 'tax': '2000'}</msg>
<status status="PASS" starttime="20221007 00:33:16.603" endtime="20221007 00:33:16.603"></status>
</kw>
<kw name="POST On Session" library="RequestsLibrary">
<doc>Sends a POST request on a previously created HTTP Session.</doc>
<arguments>
<arg>insertsession</arg>
<arg>/calculator/insert</arg>
<arg>json=${body}</arg>
<arg>headers=${header}</arg>
<arg>expected_status=500</arg>
</arguments>
<assign>
<var>${response}</var>
</assign>
<msg timestamp="20221007 00:33:16.603" level="INFO">POST Request : url=http://localhost:8080/calculator/insert 
 path_url=/calculator/insert 
 headers={'User-Agent': 'python-requests/2.27.1', 'Accept-Encoding': 'gzip, deflate, br', 'Accept': '*/*', 'Connection': 'keep-alive', 'content-type': 'application/json', 'Content-Length': '114'} 
 body=b'{"birthday": "30/01/1993", "gender": "m", "name": "john", "natid": "gthhyujkio", "salary": "25222", "tax": "2000"}' 
 </msg>
<msg timestamp="20221007 00:33:16.603" level="INFO">POST Response : url=http://localhost:8080/calculator/insert 
 status=500, reason= 
 headers={'Content-Type': 'application/json;charset=UTF-8', 'Transfer-Encoding': 'chunked', 'Date': 'Thu, 06 Oct 2022 16:33:16 GMT', 'Connection': 'close'} 
 body={"timestamp":"2022-10-06T16:33:16.602+0000","status":500,"error":"Internal Server Error","message":"Text '30/01/1993' could not be parsed at index 2","path":"/calculator/insert"} 
 </msg>
<msg timestamp="20221007 00:33:16.603" level="INFO">${response} = &lt;Response [500]&gt;</msg>
<status status="PASS" starttime="20221007 00:33:16.603" endtime="20221007 00:33:16.603"></status>
</kw>
<kw name="Log To Console" library="BuiltIn">
<doc>Logs the given message to the console.</doc>
<arguments>
<arg>${response.status_code}</arg>
</arguments>
<status status="PASS" starttime="20221007 00:33:16.603" endtime="20221007 00:33:16.603"></status>
</kw>
<kw name="Log To Console" library="BuiltIn">
<doc>Logs the given message to the console.</doc>
<arguments>
<arg>${response.content}</arg>
</arguments>
<status status="PASS" starttime="20221007 00:33:16.603" endtime="20221007 00:33:16.603"></status>
</kw>
<kw name="Delete Test Data and Sessions" type="teardown">
<kw name="POST On Session" library="RequestsLibrary">
<doc>Sends a POST request on a previously created HTTP Session.</doc>
<arguments>
<arg>insertsession</arg>
<arg>/calculator/rakeDatabase</arg>
</arguments>
<msg timestamp="20221007 00:33:16.618" level="INFO">POST Request : url=http://localhost:8080/calculator/rakeDatabase 
 path_url=/calculator/rakeDatabase 
 headers={'User-Agent': 'python-requests/2.27.1', 'Accept-Encoding': 'gzip, deflate, br', 'Accept': '*/*', 'Connection': 'keep-alive', 'Content-Length': '0'} 
 body=None 
 </msg>
<msg timestamp="20221007 00:33:16.618" level="INFO">POST Response : url=http://localhost:8080/calculator/rakeDatabase 
 status=200, reason= 
 headers={'Content-Type': 'text/plain;charset=UTF-8', 'Content-Length': '21', 'Date': 'Thu, 06 Oct 2022 16:33:16 GMT'} 
 body=Successfully raked DB 
 </msg>
<status status="PASS" starttime="20221007 00:33:16.603" endtime="20221007 00:33:16.618"></status>
</kw>
<kw name="Delete All Sessions" library="RequestsLibrary">
<doc>Removes all the session objects</doc>
<msg timestamp="20221007 00:33:16.618" level="INFO">Deleting All Sessions</msg>
<status status="PASS" starttime="20221007 00:33:16.618" endtime="20221007 00:33:16.618"></status>
</kw>
<status status="PASS" starttime="20221007 00:33:16.603" endtime="20221007 00:33:16.618"></status>
</kw>
<status status="PASS" starttime="20221007 00:33:16.587" endtime="20221007 00:33:16.618" critical="yes"></status>
</test>
<test id="s1-s1-t8" name="TC8:Should not insert single record of working class hero with invalid birthday format in DD-MM-YYYY (POST)">
<kw name="Create API Session" type="setup">
<kw name="Create Session" library="RequestsLibrary">
<doc>Create Session: create a HTTP session to a server</doc>
<arguments>
<arg>insertsession</arg>
<arg>${base_url}</arg>
</arguments>
<msg timestamp="20221007 00:33:16.618" level="INFO">Creating Session using : alias=insertsession, url=http://localhost:8080, headers={},                     cookies={}, auth=None, timeout=None, proxies=None, verify=False,                     debug=0 </msg>
<status status="PASS" starttime="20221007 00:33:16.618" endtime="20221007 00:33:16.618"></status>
</kw>
<status status="PASS" starttime="20221007 00:33:16.618" endtime="20221007 00:33:16.618"></status>
</kw>
<kw name="Convert To String" library="BuiltIn">
<doc>Converts the given item to a Unicode string.</doc>
<arguments>
<arg>30-01-1993</arg>
</arguments>
<assign>
<var>${date}</var>
</assign>
<msg timestamp="20221007 00:33:16.618" level="INFO">${date} = 30-01-1993</msg>
<status status="PASS" starttime="20221007 00:33:16.618" endtime="20221007 00:33:16.618"></status>
</kw>
<kw name="Create Dictionary" library="BuiltIn">
<doc>Creates and returns a dictionary based on the given ``items``.</doc>
<arguments>
<arg>birthday=${date}</arg>
<arg>gender=m</arg>
<arg>name=john</arg>
<arg>natid=gthhyujkio</arg>
<arg>salary=45424</arg>
<arg>tax=5255</arg>
</arguments>
<assign>
<var>${body}</var>
</assign>
<msg timestamp="20221007 00:33:16.618" level="INFO">${body} = {'birthday': '30-01-1993', 'gender': 'm', 'name': 'john', 'natid': 'gthhyujkio', 'salary': '45424', 'tax': '5255'}</msg>
<status status="PASS" starttime="20221007 00:33:16.618" endtime="20221007 00:33:16.618"></status>
</kw>
<kw name="POST On Session" library="RequestsLibrary">
<doc>Sends a POST request on a previously created HTTP Session.</doc>
<arguments>
<arg>insertsession</arg>
<arg>/calculator/insert</arg>
<arg>json=${body}</arg>
<arg>headers=${header}</arg>
<arg>expected_status=500</arg>
</arguments>
<assign>
<var>${response}</var>
</assign>
<msg timestamp="20221007 00:33:16.634" level="INFO">POST Request : url=http://localhost:8080/calculator/insert 
 path_url=/calculator/insert 
 headers={'User-Agent': 'python-requests/2.27.1', 'Accept-Encoding': 'gzip, deflate, br', 'Accept': '*/*', 'Connection': 'keep-alive', 'content-type': 'application/json', 'Content-Length': '114'} 
 body=b'{"birthday": "30-01-1993", "gender": "m", "name": "john", "natid": "gthhyujkio", "salary": "45424", "tax": "5255"}' 
 </msg>
<msg timestamp="20221007 00:33:16.634" level="INFO">POST Response : url=http://localhost:8080/calculator/insert 
 status=500, reason= 
 headers={'Content-Type': 'application/json;charset=UTF-8', 'Transfer-Encoding': 'chunked', 'Date': 'Thu, 06 Oct 2022 16:33:16 GMT', 'Connection': 'close'} 
 body={"timestamp":"2022-10-06T16:33:16.633+0000","status":500,"error":"Internal Server Error","message":"Text '30-01-1993' could not be parsed at index 2","path":"/calculator/insert"} 
 </msg>
<msg timestamp="20221007 00:33:16.634" level="INFO">${response} = &lt;Response [500]&gt;</msg>
<status status="PASS" starttime="20221007 00:33:16.618" endtime="20221007 00:33:16.634"></status>
</kw>
<kw name="Log To Console" library="BuiltIn">
<doc>Logs the given message to the console.</doc>
<arguments>
<arg>${response.status_code}</arg>
</arguments>
<status status="PASS" starttime="20221007 00:33:16.634" endtime="20221007 00:33:16.634"></status>
</kw>
<kw name="Log To Console" library="BuiltIn">
<doc>Logs the given message to the console.</doc>
<arguments>
<arg>${response.content}</arg>
</arguments>
<status status="PASS" starttime="20221007 00:33:16.634" endtime="20221007 00:33:16.634"></status>
</kw>
<kw name="Delete Test Data and Sessions" type="teardown">
<kw name="POST On Session" library="RequestsLibrary">
<doc>Sends a POST request on a previously created HTTP Session.</doc>
<arguments>
<arg>insertsession</arg>
<arg>/calculator/rakeDatabase</arg>
</arguments>
<msg timestamp="20221007 00:33:16.649" level="INFO">POST Request : url=http://localhost:8080/calculator/rakeDatabase 
 path_url=/calculator/rakeDatabase 
 headers={'User-Agent': 'python-requests/2.27.1', 'Accept-Encoding': 'gzip, deflate, br', 'Accept': '*/*', 'Connection': 'keep-alive', 'Content-Length': '0'} 
 body=None 
 </msg>
<msg timestamp="20221007 00:33:16.649" level="INFO">POST Response : url=http://localhost:8080/calculator/rakeDatabase 
 status=200, reason= 
 headers={'Content-Type': 'text/plain;charset=UTF-8', 'Content-Length': '21', 'Date': 'Thu, 06 Oct 2022 16:33:16 GMT'} 
 body=Successfully raked DB 
 </msg>
<status status="PASS" starttime="20221007 00:33:16.634" endtime="20221007 00:33:16.649"></status>
</kw>
<kw name="Delete All Sessions" library="RequestsLibrary">
<doc>Removes all the session objects</doc>
<msg timestamp="20221007 00:33:16.649" level="INFO">Deleting All Sessions</msg>
<status status="PASS" starttime="20221007 00:33:16.649" endtime="20221007 00:33:16.649"></status>
</kw>
<status status="PASS" starttime="20221007 00:33:16.634" endtime="20221007 00:33:16.649"></status>
</kw>
<status status="PASS" starttime="20221007 00:33:16.618" endtime="20221007 00:33:16.649" critical="yes"></status>
</test>
<test id="s1-s1-t9" name="TC9:Should not insert single record of working class hero with invalid birthday format in DD.MM.YYYY (POST)">
<kw name="Create API Session" type="setup">
<kw name="Create Session" library="RequestsLibrary">
<doc>Create Session: create a HTTP session to a server</doc>
<arguments>
<arg>insertsession</arg>
<arg>${base_url}</arg>
</arguments>
<msg timestamp="20221007 00:33:16.649" level="INFO">Creating Session using : alias=insertsession, url=http://localhost:8080, headers={},                     cookies={}, auth=None, timeout=None, proxies=None, verify=False,                     debug=0 </msg>
<status status="PASS" starttime="20221007 00:33:16.649" endtime="20221007 00:33:16.656"></status>
</kw>
<status status="PASS" starttime="20221007 00:33:16.649" endtime="20221007 00:33:16.656"></status>
</kw>
<kw name="Convert To String" library="BuiltIn">
<doc>Converts the given item to a Unicode string.</doc>
<arguments>
<arg>30.01.1993</arg>
</arguments>
<assign>
<var>${date}</var>
</assign>
<msg timestamp="20221007 00:33:16.656" level="INFO">${date} = 30.01.1993</msg>
<status status="PASS" starttime="20221007 00:33:16.656" endtime="20221007 00:33:16.656"></status>
</kw>
<kw name="Create Dictionary" library="BuiltIn">
<doc>Creates and returns a dictionary based on the given ``items``.</doc>
<arguments>
<arg>birthday=${date}</arg>
<arg>gender=m</arg>
<arg>name=john</arg>
<arg>natid=gthhyujkio</arg>
<arg>salary=25222</arg>
<arg>tax=2000</arg>
</arguments>
<assign>
<var>${body}</var>
</assign>
<msg timestamp="20221007 00:33:16.656" level="INFO">${body} = {'birthday': '30.01.1993', 'gender': 'm', 'name': 'john', 'natid': 'gthhyujkio', 'salary': '25222', 'tax': '2000'}</msg>
<status status="PASS" starttime="20221007 00:33:16.656" endtime="20221007 00:33:16.656"></status>
</kw>
<kw name="POST On Session" library="RequestsLibrary">
<doc>Sends a POST request on a previously created HTTP Session.</doc>
<arguments>
<arg>insertsession</arg>
<arg>/calculator/insert</arg>
<arg>json=${body}</arg>
<arg>headers=${header}</arg>
<arg>expected_status=500</arg>
</arguments>
<assign>
<var>${response}</var>
</assign>
<msg timestamp="20221007 00:33:16.672" level="INFO">POST Request : url=http://localhost:8080/calculator/insert 
 path_url=/calculator/insert 
 headers={'User-Agent': 'python-requests/2.27.1', 'Accept-Encoding': 'gzip, deflate, br', 'Accept': '*/*', 'Connection': 'keep-alive', 'content-type': 'application/json', 'Content-Length': '114'} 
 body=b'{"birthday": "30.01.1993", "gender": "m", "name": "john", "natid": "gthhyujkio", "salary": "25222", "tax": "2000"}' 
 </msg>
<msg timestamp="20221007 00:33:16.672" level="INFO">POST Response : url=http://localhost:8080/calculator/insert 
 status=500, reason= 
 headers={'Content-Type': 'application/json;charset=UTF-8', 'Transfer-Encoding': 'chunked', 'Date': 'Thu, 06 Oct 2022 16:33:16 GMT', 'Connection': 'close'} 
 body={"timestamp":"2022-10-06T16:33:16.656+0000","status":500,"error":"Internal Server Error","message":"Text '30.01.1993' could not be parsed at index 2","path":"/calculator/insert"} 
 </msg>
<msg timestamp="20221007 00:33:16.672" level="INFO">${response} = &lt;Response [500]&gt;</msg>
<status status="PASS" starttime="20221007 00:33:16.656" endtime="20221007 00:33:16.672"></status>
</kw>
<kw name="Log To Console" library="BuiltIn">
<doc>Logs the given message to the console.</doc>
<arguments>
<arg>${response.status_code}</arg>
</arguments>
<status status="PASS" starttime="20221007 00:33:16.672" endtime="20221007 00:33:16.672"></status>
</kw>
<kw name="Log To Console" library="BuiltIn">
<doc>Logs the given message to the console.</doc>
<arguments>
<arg>${response.content}</arg>
</arguments>
<status status="PASS" starttime="20221007 00:33:16.672" endtime="20221007 00:33:16.672"></status>
</kw>
<kw name="Delete Test Data and Sessions" type="teardown">
<kw name="POST On Session" library="RequestsLibrary">
<doc>Sends a POST request on a previously created HTTP Session.</doc>
<arguments>
<arg>insertsession</arg>
<arg>/calculator/rakeDatabase</arg>
</arguments>
<msg timestamp="20221007 00:33:16.672" level="INFO">POST Request : url=http://localhost:8080/calculator/rakeDatabase 
 path_url=/calculator/rakeDatabase 
 headers={'User-Agent': 'python-requests/2.27.1', 'Accept-Encoding': 'gzip, deflate, br', 'Accept': '*/*', 'Connection': 'keep-alive', 'Content-Length': '0'} 
 body=None 
 </msg>
<msg timestamp="20221007 00:33:16.672" level="INFO">POST Response : url=http://localhost:8080/calculator/rakeDatabase 
 status=200, reason= 
 headers={'Content-Type': 'text/plain;charset=UTF-8', 'Content-Length': '21', 'Date': 'Thu, 06 Oct 2022 16:33:16 GMT'} 
 body=Successfully raked DB 
 </msg>
<status status="PASS" starttime="20221007 00:33:16.672" endtime="20221007 00:33:16.672"></status>
</kw>
<kw name="Delete All Sessions" library="RequestsLibrary">
<doc>Removes all the session objects</doc>
<msg timestamp="20221007 00:33:16.672" level="INFO">Deleting All Sessions</msg>
<status status="PASS" starttime="20221007 00:33:16.672" endtime="20221007 00:33:16.672"></status>
</kw>
<status status="PASS" starttime="20221007 00:33:16.672" endtime="20221007 00:33:16.672"></status>
</kw>
<status status="PASS" starttime="20221007 00:33:16.649" endtime="20221007 00:33:16.672" critical="yes"></status>
</test>
<test id="s1-s1-t10" name="TC10:Should not insert single record of working class hero with invalid birthday format DMMYYYY (POST)">
<kw name="Create API Session" type="setup">
<kw name="Create Session" library="RequestsLibrary">
<doc>Create Session: create a HTTP session to a server</doc>
<arguments>
<arg>insertsession</arg>
<arg>${base_url}</arg>
</arguments>
<msg timestamp="20221007 00:33:16.672" level="INFO">Creating Session using : alias=insertsession, url=http://localhost:8080, headers={},                     cookies={}, auth=None, timeout=None, proxies=None, verify=False,                     debug=0 </msg>
<status status="PASS" starttime="20221007 00:33:16.672" endtime="20221007 00:33:16.687"></status>
</kw>
<status status="PASS" starttime="20221007 00:33:16.672" endtime="20221007 00:33:16.687"></status>
</kw>
<kw name="Convert To String" library="BuiltIn">
<doc>Converts the given item to a Unicode string.</doc>
<arguments>
<arg>1301993</arg>
</arguments>
<assign>
<var>${date}</var>
</assign>
<msg timestamp="20221007 00:33:16.687" level="INFO">${date} = 1301993</msg>
<status status="PASS" starttime="20221007 00:33:16.687" endtime="20221007 00:33:16.687"></status>
</kw>
<kw name="Create Dictionary" library="BuiltIn">
<doc>Creates and returns a dictionary based on the given ``items``.</doc>
<arguments>
<arg>birthday=${date}</arg>
<arg>gender=m</arg>
<arg>name=john</arg>
<arg>natid=gthhyujkio</arg>
<arg>salary=25222</arg>
<arg>tax=2000</arg>
</arguments>
<assign>
<var>${body}</var>
</assign>
<msg timestamp="20221007 00:33:16.687" level="INFO">${body} = {'birthday': '1301993', 'gender': 'm', 'name': 'john', 'natid': 'gthhyujkio', 'salary': '25222', 'tax': '2000'}</msg>
<status status="PASS" starttime="20221007 00:33:16.687" endtime="20221007 00:33:16.687"></status>
</kw>
<kw name="POST On Session" library="RequestsLibrary">
<doc>Sends a POST request on a previously created HTTP Session.</doc>
<arguments>
<arg>insertsession</arg>
<arg>/calculator/insert</arg>
<arg>json=${body}</arg>
<arg>headers=${header}</arg>
<arg>expected_status=500</arg>
</arguments>
<assign>
<var>${response}</var>
</assign>
<msg timestamp="20221007 00:33:16.687" level="INFO">POST Request : url=http://localhost:8080/calculator/insert 
 path_url=/calculator/insert 
 headers={'User-Agent': 'python-requests/2.27.1', 'Accept-Encoding': 'gzip, deflate, br', 'Accept': '*/*', 'Connection': 'keep-alive', 'content-type': 'application/json', 'Content-Length': '111'} 
 body=b'{"birthday": "1301993", "gender": "m", "name": "john", "natid": "gthhyujkio", "salary": "25222", "tax": "2000"}' 
 </msg>
<msg timestamp="20221007 00:33:16.687" level="INFO">POST Response : url=http://localhost:8080/calculator/insert 
 status=500, reason= 
 headers={'Content-Type': 'application/json;charset=UTF-8', 'Transfer-Encoding': 'chunked', 'Date': 'Thu, 06 Oct 2022 16:33:16 GMT', 'Connection': 'close'} 
 body={"timestamp":"2022-10-06T16:33:16.687+0000","status":500,"error":"Internal Server Error","message":"Text '1301993' could not be parsed at index 4","path":"/calculator/insert"} 
 </msg>
<msg timestamp="20221007 00:33:16.703" level="INFO">${response} = &lt;Response [500]&gt;</msg>
<status status="PASS" starttime="20221007 00:33:16.687" endtime="20221007 00:33:16.703"></status>
</kw>
<kw name="Log To Console" library="BuiltIn">
<doc>Logs the given message to the console.</doc>
<arguments>
<arg>${response.status_code}</arg>
</arguments>
<status status="PASS" starttime="20221007 00:33:16.703" endtime="20221007 00:33:16.703"></status>
</kw>
<kw name="Log To Console" library="BuiltIn">
<doc>Logs the given message to the console.</doc>
<arguments>
<arg>${response.content}</arg>
</arguments>
<status status="PASS" starttime="20221007 00:33:16.703" endtime="20221007 00:33:16.703"></status>
</kw>
<kw name="Delete Test Data and Sessions" type="teardown">
<kw name="POST On Session" library="RequestsLibrary">
<doc>Sends a POST request on a previously created HTTP Session.</doc>
<arguments>
<arg>insertsession</arg>
<arg>/calculator/rakeDatabase</arg>
</arguments>
<msg timestamp="20221007 00:33:16.703" level="INFO">POST Request : url=http://localhost:8080/calculator/rakeDatabase 
 path_url=/calculator/rakeDatabase 
 headers={'User-Agent': 'python-requests/2.27.1', 'Accept-Encoding': 'gzip, deflate, br', 'Accept': '*/*', 'Connection': 'keep-alive', 'Content-Length': '0'} 
 body=None 
 </msg>
<msg timestamp="20221007 00:33:16.703" level="INFO">POST Response : url=http://localhost:8080/calculator/rakeDatabase 
 status=200, reason= 
 headers={'Content-Type': 'text/plain;charset=UTF-8', 'Content-Length': '21', 'Date': 'Thu, 06 Oct 2022 16:33:16 GMT'} 
 body=Successfully raked DB 
 </msg>
<status status="PASS" starttime="20221007 00:33:16.703" endtime="20221007 00:33:16.703"></status>
</kw>
<kw name="Delete All Sessions" library="RequestsLibrary">
<doc>Removes all the session objects</doc>
<msg timestamp="20221007 00:33:16.703" level="INFO">Deleting All Sessions</msg>
<status status="PASS" starttime="20221007 00:33:16.703" endtime="20221007 00:33:16.703"></status>
</kw>
<status status="PASS" starttime="20221007 00:33:16.703" endtime="20221007 00:33:16.703"></status>
</kw>
<status status="PASS" starttime="20221007 00:33:16.672" endtime="20221007 00:33:16.703" critical="yes"></status>
</test>
<test id="s1-s1-t11" name="TC11:Should not insert single record of working class hero with invalid birthday format MMDDYYYY (POST)">
<kw name="Create API Session" type="setup">
<kw name="Create Session" library="RequestsLibrary">
<doc>Create Session: create a HTTP session to a server</doc>
<arguments>
<arg>insertsession</arg>
<arg>${base_url}</arg>
</arguments>
<msg timestamp="20221007 00:33:16.703" level="INFO">Creating Session using : alias=insertsession, url=http://localhost:8080, headers={},                     cookies={}, auth=None, timeout=None, proxies=None, verify=False,                     debug=0 </msg>
<status status="PASS" starttime="20221007 00:33:16.703" endtime="20221007 00:33:16.703"></status>
</kw>
<status status="PASS" starttime="20221007 00:33:16.703" endtime="20221007 00:33:16.703"></status>
</kw>
<kw name="Convert To String" library="BuiltIn">
<doc>Converts the given item to a Unicode string.</doc>
<arguments>
<arg>01301993</arg>
</arguments>
<assign>
<var>${date}</var>
</assign>
<msg timestamp="20221007 00:33:16.703" level="INFO">${date} = 01301993</msg>
<status status="PASS" starttime="20221007 00:33:16.703" endtime="20221007 00:33:16.703"></status>
</kw>
<kw name="Create Dictionary" library="BuiltIn">
<doc>Creates and returns a dictionary based on the given ``items``.</doc>
<arguments>
<arg>birthday=${date}</arg>
<arg>gender=m</arg>
<arg>name=john</arg>
<arg>natid=gthhyujkio</arg>
<arg>salary=25222</arg>
<arg>tax=2000</arg>
</arguments>
<assign>
<var>${body}</var>
</assign>
<msg timestamp="20221007 00:33:16.703" level="INFO">${body} = {'birthday': '01301993', 'gender': 'm', 'name': 'john', 'natid': 'gthhyujkio', 'salary': '25222', 'tax': '2000'}</msg>
<status status="PASS" starttime="20221007 00:33:16.703" endtime="20221007 00:33:16.703"></status>
</kw>
<kw name="POST On Session" library="RequestsLibrary">
<doc>Sends a POST request on a previously created HTTP Session.</doc>
<arguments>
<arg>insertsession</arg>
<arg>/calculator/insert</arg>
<arg>json=${body}</arg>
<arg>headers=${header}</arg>
<arg>expected_status=500</arg>
</arguments>
<assign>
<var>${response}</var>
</assign>
<msg timestamp="20221007 00:33:16.719" level="INFO">POST Request : url=http://localhost:8080/calculator/insert 
 path_url=/calculator/insert 
 headers={'User-Agent': 'python-requests/2.27.1', 'Accept-Encoding': 'gzip, deflate, br', 'Accept': '*/*', 'Connection': 'keep-alive', 'content-type': 'application/json', 'Content-Length': '112'} 
 body=b'{"birthday": "01301993", "gender": "m", "name": "john", "natid": "gthhyujkio", "salary": "25222", "tax": "2000"}' 
 </msg>
<msg timestamp="20221007 00:33:16.719" level="INFO">POST Response : url=http://localhost:8080/calculator/insert 
 status=500, reason= 
 headers={'Content-Type': 'application/json;charset=UTF-8', 'Transfer-Encoding': 'chunked', 'Date': 'Thu, 06 Oct 2022 16:33:16 GMT', 'Connection': 'close'} 
 body={"timestamp":"2022-10-06T16:33:16.718+0000","status":500,"error":"Internal Server Error","message":"Text '01301993' could not be parsed: Invalid value for MonthOfYear (valid values 1 - 12): 30","path":"/calculator/insert"} 
 </msg>
<msg timestamp="20221007 00:33:16.719" level="INFO">${response} = &lt;Response [500]&gt;</msg>
<status status="PASS" starttime="20221007 00:33:16.703" endtime="20221007 00:33:16.719"></status>
</kw>
<kw name="Log To Console" library="BuiltIn">
<doc>Logs the given message to the console.</doc>
<arguments>
<arg>${response.status_code}</arg>
</arguments>
<status status="PASS" starttime="20221007 00:33:16.719" endtime="20221007 00:33:16.719"></status>
</kw>
<kw name="Log To Console" library="BuiltIn">
<doc>Logs the given message to the console.</doc>
<arguments>
<arg>${response.content}</arg>
</arguments>
<status status="PASS" starttime="20221007 00:33:16.719" endtime="20221007 00:33:16.719"></status>
</kw>
<kw name="Delete Test Data and Sessions" type="teardown">
<kw name="POST On Session" library="RequestsLibrary">
<doc>Sends a POST request on a previously created HTTP Session.</doc>
<arguments>
<arg>insertsession</arg>
<arg>/calculator/rakeDatabase</arg>
</arguments>
<msg timestamp="20221007 00:33:16.734" level="INFO">POST Request : url=http://localhost:8080/calculator/rakeDatabase 
 path_url=/calculator/rakeDatabase 
 headers={'User-Agent': 'python-requests/2.27.1', 'Accept-Encoding': 'gzip, deflate, br', 'Accept': '*/*', 'Connection': 'keep-alive', 'Content-Length': '0'} 
 body=None 
 </msg>
<msg timestamp="20221007 00:33:16.734" level="INFO">POST Response : url=http://localhost:8080/calculator/rakeDatabase 
 status=200, reason= 
 headers={'Content-Type': 'text/plain;charset=UTF-8', 'Content-Length': '21', 'Date': 'Thu, 06 Oct 2022 16:33:16 GMT'} 
 body=Successfully raked DB 
 </msg>
<status status="PASS" starttime="20221007 00:33:16.719" endtime="20221007 00:33:16.734"></status>
</kw>
<kw name="Delete All Sessions" library="RequestsLibrary">
<doc>Removes all the session objects</doc>
<msg timestamp="20221007 00:33:16.734" level="INFO">Deleting All Sessions</msg>
<status status="PASS" starttime="20221007 00:33:16.734" endtime="20221007 00:33:16.734"></status>
</kw>
<status status="PASS" starttime="20221007 00:33:16.719" endtime="20221007 00:33:16.734"></status>
</kw>
<status status="PASS" starttime="20221007 00:33:16.703" endtime="20221007 00:33:16.734" critical="yes"></status>
</test>
<test id="s1-s1-t12" name="TC12:Should not insert single record of working class hero with invalid birthday format DDMMMYYYY(POST)">
<kw name="Create API Session" type="setup">
<kw name="Create Session" library="RequestsLibrary">
<doc>Create Session: create a HTTP session to a server</doc>
<arguments>
<arg>insertsession</arg>
<arg>${base_url}</arg>
</arguments>
<msg timestamp="20221007 00:33:16.734" level="INFO">Creating Session using : alias=insertsession, url=http://localhost:8080, headers={},                     cookies={}, auth=None, timeout=None, proxies=None, verify=False,                     debug=0 </msg>
<status status="PASS" starttime="20221007 00:33:16.734" endtime="20221007 00:33:16.734"></status>
</kw>
<status status="PASS" starttime="20221007 00:33:16.734" endtime="20221007 00:33:16.734"></status>
</kw>
<kw name="Convert To String" library="BuiltIn">
<doc>Converts the given item to a Unicode string.</doc>
<arguments>
<arg>30Jan1993</arg>
</arguments>
<assign>
<var>${date}</var>
</assign>
<msg timestamp="20221007 00:33:16.734" level="INFO">${date} = 30Jan1993</msg>
<status status="PASS" starttime="20221007 00:33:16.734" endtime="20221007 00:33:16.734"></status>
</kw>
<kw name="Create Dictionary" library="BuiltIn">
<doc>Creates and returns a dictionary based on the given ``items``.</doc>
<arguments>
<arg>birthday=${date}</arg>
<arg>gender=m</arg>
<arg>name=john</arg>
<arg>natid=gthhyujkio</arg>
<arg>salary=25222</arg>
<arg>tax=2000</arg>
</arguments>
<assign>
<var>${body}</var>
</assign>
<msg timestamp="20221007 00:33:16.734" level="INFO">${body} = {'birthday': '30Jan1993', 'gender': 'm', 'name': 'john', 'natid': 'gthhyujkio', 'salary': '25222', 'tax': '2000'}</msg>
<status status="PASS" starttime="20221007 00:33:16.734" endtime="20221007 00:33:16.734"></status>
</kw>
<kw name="POST On Session" library="RequestsLibrary">
<doc>Sends a POST request on a previously created HTTP Session.</doc>
<arguments>
<arg>insertsession</arg>
<arg>/calculator/insert</arg>
<arg>json=${body}</arg>
<arg>headers=${header}</arg>
<arg>expected_status=500</arg>
</arguments>
<assign>
<var>${response}</var>
</assign>
<msg timestamp="20221007 00:33:16.734" level="INFO">POST Request : url=http://localhost:8080/calculator/insert 
 path_url=/calculator/insert 
 headers={'User-Agent': 'python-requests/2.27.1', 'Accept-Encoding': 'gzip, deflate, br', 'Accept': '*/*', 'Connection': 'keep-alive', 'content-type': 'application/json', 'Content-Length': '113'} 
 body=b'{"birthday": "30Jan1993", "gender": "m", "name": "john", "natid": "gthhyujkio", "salary": "25222", "tax": "2000"}' 
 </msg>
<msg timestamp="20221007 00:33:16.734" level="INFO">POST Response : url=http://localhost:8080/calculator/insert 
 status=500, reason= 
 headers={'Content-Type': 'application/json;charset=UTF-8', 'Transfer-Encoding': 'chunked', 'Date': 'Thu, 06 Oct 2022 16:33:16 GMT', 'Connection': 'close'} 
 body={"timestamp":"2022-10-06T16:33:16.734+0000","status":500,"error":"Internal Server Error","message":"Text '30Jan1993' could not be parsed at index 2","path":"/calculator/insert"} 
 </msg>
<msg timestamp="20221007 00:33:16.734" level="INFO">${response} = &lt;Response [500]&gt;</msg>
<status status="PASS" starttime="20221007 00:33:16.734" endtime="20221007 00:33:16.734"></status>
</kw>
<kw name="Log To Console" library="BuiltIn">
<doc>Logs the given message to the console.</doc>
<arguments>
<arg>${response.status_code}</arg>
</arguments>
<status status="PASS" starttime="20221007 00:33:16.734" endtime="20221007 00:33:16.734"></status>
</kw>
<kw name="Log To Console" library="BuiltIn">
<doc>Logs the given message to the console.</doc>
<arguments>
<arg>${response.content}</arg>
</arguments>
<status status="PASS" starttime="20221007 00:33:16.734" endtime="20221007 00:33:16.734"></status>
</kw>
<kw name="Delete Test Data and Sessions" type="teardown">
<kw name="POST On Session" library="RequestsLibrary">
<doc>Sends a POST request on a previously created HTTP Session.</doc>
<arguments>
<arg>insertsession</arg>
<arg>/calculator/rakeDatabase</arg>
</arguments>
<msg timestamp="20221007 00:33:16.750" level="INFO">POST Request : url=http://localhost:8080/calculator/rakeDatabase 
 path_url=/calculator/rakeDatabase 
 headers={'User-Agent': 'python-requests/2.27.1', 'Accept-Encoding': 'gzip, deflate, br', 'Accept': '*/*', 'Connection': 'keep-alive', 'Content-Length': '0'} 
 body=None 
 </msg>
<msg timestamp="20221007 00:33:16.750" level="INFO">POST Response : url=http://localhost:8080/calculator/rakeDatabase 
 status=200, reason= 
 headers={'Content-Type': 'text/plain;charset=UTF-8', 'Content-Length': '21', 'Date': 'Thu, 06 Oct 2022 16:33:16 GMT'} 
 body=Successfully raked DB 
 </msg>
<status status="PASS" starttime="20221007 00:33:16.734" endtime="20221007 00:33:16.750"></status>
</kw>
<kw name="Delete All Sessions" library="RequestsLibrary">
<doc>Removes all the session objects</doc>
<msg timestamp="20221007 00:33:16.750" level="INFO">Deleting All Sessions</msg>
<status status="PASS" starttime="20221007 00:33:16.750" endtime="20221007 00:33:16.750"></status>
</kw>
<status status="PASS" starttime="20221007 00:33:16.734" endtime="20221007 00:33:16.750"></status>
</kw>
<status status="PASS" starttime="20221007 00:33:16.734" endtime="20221007 00:33:16.750" critical="yes"></status>
</test>
<test id="s1-s1-t13" name="TC13:Should not insert single record of working class hero with future date of birth (POST)">
<kw name="Create API Session" type="setup">
<kw name="Create Session" library="RequestsLibrary">
<doc>Create Session: create a HTTP session to a server</doc>
<arguments>
<arg>insertsession</arg>
<arg>${base_url}</arg>
</arguments>
<msg timestamp="20221007 00:33:16.756" level="INFO">Creating Session using : alias=insertsession, url=http://localhost:8080, headers={},                     cookies={}, auth=None, timeout=None, proxies=None, verify=False,                     debug=0 </msg>
<status status="PASS" starttime="20221007 00:33:16.756" endtime="20221007 00:33:16.756"></status>
</kw>
<status status="PASS" starttime="20221007 00:33:16.756" endtime="20221007 00:33:16.756"></status>
</kw>
<kw name="Convert To String" library="BuiltIn">
<doc>Converts the given item to a Unicode string.</doc>
<arguments>
<arg>25022030</arg>
</arguments>
<assign>
<var>${date}</var>
</assign>
<msg timestamp="20221007 00:33:16.756" level="INFO">${date} = 25022030</msg>
<status status="PASS" starttime="20221007 00:33:16.756" endtime="20221007 00:33:16.756"></status>
</kw>
<kw name="Create Dictionary" library="BuiltIn">
<doc>Creates and returns a dictionary based on the given ``items``.</doc>
<arguments>
<arg>birthday=${date}</arg>
<arg>gender=m</arg>
<arg>name=john</arg>
<arg>natid=gthhyujkio</arg>
<arg>salary=25222</arg>
<arg>tax=2000</arg>
</arguments>
<assign>
<var>${body}</var>
</assign>
<msg timestamp="20221007 00:33:16.756" level="INFO">${body} = {'birthday': '25022030', 'gender': 'm', 'name': 'john', 'natid': 'gthhyujkio', 'salary': '25222', 'tax': '2000'}</msg>
<status status="PASS" starttime="20221007 00:33:16.756" endtime="20221007 00:33:16.756"></status>
</kw>
<kw name="POST On Session" library="RequestsLibrary">
<doc>Sends a POST request on a previously created HTTP Session.</doc>
<arguments>
<arg>insertsession</arg>
<arg>/calculator/insert</arg>
<arg>json=${body}</arg>
<arg>headers=${header}</arg>
<arg>expected_status=400</arg>
</arguments>
<assign>
<var>${response}</var>
</assign>
<msg timestamp="20221007 00:33:16.756" level="INFO">POST Request : url=http://localhost:8080/calculator/insert 
 path_url=/calculator/insert 
 headers={'User-Agent': 'python-requests/2.27.1', 'Accept-Encoding': 'gzip, deflate, br', 'Accept': '*/*', 'Connection': 'keep-alive', 'content-type': 'application/json', 'Content-Length': '112'} 
 body=b'{"birthday": "25022030", "gender": "m", "name": "john", "natid": "gthhyujkio", "salary": "25222", "tax": "2000"}' 
 </msg>
<msg timestamp="20221007 00:33:16.756" level="INFO">POST Response : url=http://localhost:8080/calculator/insert 
 status=202, reason= 
 headers={'Content-Type': 'text/plain;charset=UTF-8', 'Content-Length': '7', 'Date': 'Thu, 06 Oct 2022 16:33:16 GMT'} 
 body=Alright 
 </msg>
<msg timestamp="20221007 00:33:16.756" level="FAIL">Url: http://localhost:8080/calculator/insert Expected status: 202 != 400</msg>
<status status="FAIL" starttime="20221007 00:33:16.756" endtime="20221007 00:33:16.756"></status>
</kw>
<kw name="Delete Test Data and Sessions" type="teardown">
<kw name="POST On Session" library="RequestsLibrary">
<doc>Sends a POST request on a previously created HTTP Session.</doc>
<arguments>
<arg>insertsession</arg>
<arg>/calculator/rakeDatabase</arg>
</arguments>
<msg timestamp="20221007 00:33:16.772" level="INFO">POST Request : url=http://localhost:8080/calculator/rakeDatabase 
 path_url=/calculator/rakeDatabase 
 headers={'User-Agent': 'python-requests/2.27.1', 'Accept-Encoding': 'gzip, deflate, br', 'Accept': '*/*', 'Connection': 'keep-alive', 'Content-Length': '0'} 
 body=None 
 </msg>
<msg timestamp="20221007 00:33:16.772" level="INFO">POST Response : url=http://localhost:8080/calculator/rakeDatabase 
 status=200, reason= 
 headers={'Content-Type': 'text/plain;charset=UTF-8', 'Content-Length': '21', 'Date': 'Thu, 06 Oct 2022 16:33:16 GMT'} 
 body=Successfully raked DB 
 </msg>
<status status="PASS" starttime="20221007 00:33:16.756" endtime="20221007 00:33:16.772"></status>
</kw>
<kw name="Delete All Sessions" library="RequestsLibrary">
<doc>Removes all the session objects</doc>
<msg timestamp="20221007 00:33:16.772" level="INFO">Deleting All Sessions</msg>
<status status="PASS" starttime="20221007 00:33:16.772" endtime="20221007 00:33:16.772"></status>
</kw>
<status status="PASS" starttime="20221007 00:33:16.756" endtime="20221007 00:33:16.772"></status>
</kw>
<status status="FAIL" starttime="20221007 00:33:16.750" endtime="20221007 00:33:16.772" critical="yes">Url: http://localhost:8080/calculator/insert Expected status: 202 != 400</status>
</test>
<test id="s1-s1-t14" name="TC14:Should not insert single record of working class hero with negative salary and/or tax (POST)">
<kw name="Create API Session" type="setup">
<kw name="Create Session" library="RequestsLibrary">
<doc>Create Session: create a HTTP session to a server</doc>
<arguments>
<arg>insertsession</arg>
<arg>${base_url}</arg>
</arguments>
<msg timestamp="20221007 00:33:16.772" level="INFO">Creating Session using : alias=insertsession, url=http://localhost:8080, headers={},                     cookies={}, auth=None, timeout=None, proxies=None, verify=False,                     debug=0 </msg>
<status status="PASS" starttime="20221007 00:33:16.772" endtime="20221007 00:33:16.772"></status>
</kw>
<status status="PASS" starttime="20221007 00:33:16.772" endtime="20221007 00:33:16.772"></status>
</kw>
<kw name="Create Dictionary" library="BuiltIn">
<doc>Creates and returns a dictionary based on the given ``items``.</doc>
<arguments>
<arg>birthday=25021993</arg>
<arg>gender=m</arg>
<arg>name=john</arg>
<arg>natid=gthhyujkio</arg>
<arg>salary=-22000</arg>
<arg>tax=-2000</arg>
</arguments>
<assign>
<var>${body}</var>
</assign>
<msg timestamp="20221007 00:33:16.772" level="INFO">${body} = {'birthday': '25021993', 'gender': 'm', 'name': 'john', 'natid': 'gthhyujkio', 'salary': '-22000', 'tax': '-2000'}</msg>
<status status="PASS" starttime="20221007 00:33:16.772" endtime="20221007 00:33:16.772"></status>
</kw>
<kw name="POST On Session" library="RequestsLibrary">
<doc>Sends a POST request on a previously created HTTP Session.</doc>
<arguments>
<arg>insertsession</arg>
<arg>/calculator/insert</arg>
<arg>json=${body}</arg>
<arg>headers=${header}</arg>
<arg>expected_status=400</arg>
</arguments>
<assign>
<var>${response}</var>
</assign>
<msg timestamp="20221007 00:33:16.772" level="INFO">POST Request : url=http://localhost:8080/calculator/insert 
 path_url=/calculator/insert 
 headers={'User-Agent': 'python-requests/2.27.1', 'Accept-Encoding': 'gzip, deflate, br', 'Accept': '*/*', 'Connection': 'keep-alive', 'content-type': 'application/json', 'Content-Length': '114'} 
 body=b'{"birthday": "25021993", "gender": "m", "name": "john", "natid": "gthhyujkio", "salary": "-22000", "tax": "-2000"}' 
 </msg>
<msg timestamp="20221007 00:33:16.772" level="INFO">POST Response : url=http://localhost:8080/calculator/insert 
 status=202, reason= 
 headers={'Content-Type': 'text/plain;charset=UTF-8', 'Content-Length': '7', 'Date': 'Thu, 06 Oct 2022 16:33:16 GMT'} 
 body=Alright 
 </msg>
<msg timestamp="20221007 00:33:16.772" level="FAIL">Url: http://localhost:8080/calculator/insert Expected status: 202 != 400</msg>
<status status="FAIL" starttime="20221007 00:33:16.772" endtime="20221007 00:33:16.772"></status>
</kw>
<kw name="Delete Test Data and Sessions" type="teardown">
<kw name="POST On Session" library="RequestsLibrary">
<doc>Sends a POST request on a previously created HTTP Session.</doc>
<arguments>
<arg>insertsession</arg>
<arg>/calculator/rakeDatabase</arg>
</arguments>
<msg timestamp="20221007 00:33:16.788" level="INFO">POST Request : url=http://localhost:8080/calculator/rakeDatabase 
 path_url=/calculator/rakeDatabase 
 headers={'User-Agent': 'python-requests/2.27.1', 'Accept-Encoding': 'gzip, deflate, br', 'Accept': '*/*', 'Connection': 'keep-alive', 'Content-Length': '0'} 
 body=None 
 </msg>
<msg timestamp="20221007 00:33:16.788" level="INFO">POST Response : url=http://localhost:8080/calculator/rakeDatabase 
 status=200, reason= 
 headers={'Content-Type': 'text/plain;charset=UTF-8', 'Content-Length': '21', 'Date': 'Thu, 06 Oct 2022 16:33:16 GMT'} 
 body=Successfully raked DB 
 </msg>
<status status="PASS" starttime="20221007 00:33:16.772" endtime="20221007 00:33:16.788"></status>
</kw>
<kw name="Delete All Sessions" library="RequestsLibrary">
<doc>Removes all the session objects</doc>
<msg timestamp="20221007 00:33:16.788" level="INFO">Deleting All Sessions</msg>
<status status="PASS" starttime="20221007 00:33:16.788" endtime="20221007 00:33:16.788"></status>
</kw>
<status status="PASS" starttime="20221007 00:33:16.772" endtime="20221007 00:33:16.788"></status>
</kw>
<status status="FAIL" starttime="20221007 00:33:16.772" endtime="20221007 00:33:16.788" critical="yes">Url: http://localhost:8080/calculator/insert Expected status: 202 != 400</status>
</test>
<doc>Test insert a single record of working class employee via an API</doc>
<status status="FAIL" starttime="20221007 00:33:16.248" endtime="20221007 00:33:16.788"></status>
</suite>
<suite id="s1-s2" name="Userstory2" source="E:\Assignment\oppenheimer-project-test\tests\userstory2.robot">
<test id="s1-s2-t1" name="TC1:Should insert multiple record of working class hero (POST)">
<kw name="Create API Session" type="setup">
<kw name="Create Session" library="RequestsLibrary">
<doc>Create Session: create a HTTP session to a server</doc>
<arguments>
<arg>insertsession</arg>
<arg>${base_url}</arg>
</arguments>
<msg timestamp="20221007 00:33:16.788" level="INFO">Creating Session using : alias=insertsession, url=http://localhost:8080, headers={},                     cookies={}, auth=None, timeout=None, proxies=None, verify=False,                     debug=0 </msg>
<status status="PASS" starttime="20221007 00:33:16.788" endtime="20221007 00:33:16.803"></status>
</kw>
<status status="PASS" starttime="20221007 00:33:16.788" endtime="20221007 00:33:16.803"></status>
</kw>
<kw name="Create Dictionary" library="BuiltIn">
<doc>Creates and returns a dictionary based on the given ``items``.</doc>
<arguments>
<arg>birthday=02021956</arg>
<arg>gender=f</arg>
<arg>name=minny</arg>
<arg>natid=hyjukitrfe</arg>
<arg>salary=50000</arg>
<arg>tax=880</arg>
</arguments>
<assign>
<var>${emp1}</var>
</assign>
<msg timestamp="20221007 00:33:16.803" level="INFO">${emp1} = {'birthday': '02021956', 'gender': 'f', 'name': 'minny', 'natid': 'hyjukitrfe', 'salary': '50000', 'tax': '880'}</msg>
<status status="PASS" starttime="20221007 00:33:16.803" endtime="20221007 00:33:16.803"></status>
</kw>
<kw name="Create Dictionary" library="BuiltIn">
<doc>Creates and returns a dictionary based on the given ``items``.</doc>
<arguments>
<arg>birthday=25021993</arg>
<arg>gender=m</arg>
<arg>name=jin</arg>
<arg>natid=gthhyujkio</arg>
<arg>salary=55652</arg>
<arg>tax=8852</arg>
</arguments>
<assign>
<var>${emp2}</var>
</assign>
<msg timestamp="20221007 00:33:16.803" level="INFO">${emp2} = {'birthday': '25021993', 'gender': 'm', 'name': 'jin', 'natid': 'gthhyujkio', 'salary': '55652', 'tax': '8852'}</msg>
<status status="PASS" starttime="20221007 00:33:16.803" endtime="20221007 00:33:16.803"></status>
</kw>
<kw name="Create List" library="BuiltIn">
<doc>Returns a list containing given items.</doc>
<arguments>
<arg>${emp1}</arg>
<arg>${emp2}</arg>
</arguments>
<assign>
<var>${body}</var>
</assign>
<msg timestamp="20221007 00:33:16.803" level="INFO">${body} = [{'birthday': '02021956', 'gender': 'f', 'name': 'minny', 'natid': 'hyjukitrfe', 'salary': '50000', 'tax': '880'}, {'birthday': '25021993', 'gender': 'm', 'name': 'jin', 'natid': 'gthhyujkio', 'salary...</msg>
<status status="PASS" starttime="20221007 00:33:16.803" endtime="20221007 00:33:16.803"></status>
</kw>
<kw name="POST On Session" library="RequestsLibrary">
<doc>Sends a POST request on a previously created HTTP Session.</doc>
<arguments>
<arg>insertsession</arg>
<arg>/calculator/insertMultiple</arg>
<arg>json=${body}</arg>
<arg>headers=${header}</arg>
<arg>expected_status=202</arg>
</arguments>
<assign>
<var>${response}</var>
</assign>
<msg timestamp="20221007 00:33:16.803" level="INFO">POST Request : url=http://localhost:8080/calculator/insertMultiple 
 path_url=/calculator/insertMultiple 
 headers={'User-Agent': 'python-requests/2.27.1', 'Accept-Encoding': 'gzip, deflate, br', 'Accept': '*/*', 'Connection': 'keep-alive', 'content-type': 'application/json', 'Content-Length': '227'} 
 body=b'[{"birthday": "02021956", "gender": "f", "name": "minny", "natid": "hyjukitrfe", "salary": "50000", "tax": "880"}, {"birthday": "25021993", "gender": "m", "name": "jin", "natid": "gthhyujkio", "salary": "55652", "tax": "8852"}]' 
 </msg>
<msg timestamp="20221007 00:33:16.803" level="INFO">POST Response : url=http://localhost:8080/calculator/insertMultiple 
 status=202, reason= 
 headers={'Content-Type': 'text/plain;charset=UTF-8', 'Content-Length': '7', 'Date': 'Thu, 06 Oct 2022 16:33:16 GMT'} 
 body=Alright 
 </msg>
<msg timestamp="20221007 00:33:16.803" level="INFO">${response} = &lt;Response [202]&gt;</msg>
<status status="PASS" starttime="20221007 00:33:16.803" endtime="20221007 00:33:16.803"></status>
</kw>
<kw name="Log To Console" library="BuiltIn">
<doc>Logs the given message to the console.</doc>
<arguments>
<arg>${response.status_code}</arg>
</arguments>
<status status="PASS" starttime="20221007 00:33:16.803" endtime="20221007 00:33:16.803"></status>
</kw>
<kw name="Log To Console" library="BuiltIn">
<doc>Logs the given message to the console.</doc>
<arguments>
<arg>${response.content}</arg>
</arguments>
<status status="PASS" starttime="20221007 00:33:16.803" endtime="20221007 00:33:16.803"></status>
</kw>
<kw name="Delete Test Data and Sessions" type="teardown">
<kw name="POST On Session" library="RequestsLibrary">
<doc>Sends a POST request on a previously created HTTP Session.</doc>
<arguments>
<arg>insertsession</arg>
<arg>/calculator/rakeDatabase</arg>
</arguments>
<msg timestamp="20221007 00:33:16.803" level="INFO">POST Request : url=http://localhost:8080/calculator/rakeDatabase 
 path_url=/calculator/rakeDatabase 
 headers={'User-Agent': 'python-requests/2.27.1', 'Accept-Encoding': 'gzip, deflate, br', 'Accept': '*/*', 'Connection': 'keep-alive', 'Content-Length': '0'} 
 body=None 
 </msg>
<msg timestamp="20221007 00:33:16.803" level="INFO">POST Response : url=http://localhost:8080/calculator/rakeDatabase 
 status=200, reason= 
 headers={'Content-Type': 'text/plain;charset=UTF-8', 'Content-Length': '21', 'Date': 'Thu, 06 Oct 2022 16:33:16 GMT'} 
 body=Successfully raked DB 
 </msg>
<status status="PASS" starttime="20221007 00:33:16.803" endtime="20221007 00:33:16.803"></status>
</kw>
<kw name="Delete All Sessions" library="RequestsLibrary">
<doc>Removes all the session objects</doc>
<msg timestamp="20221007 00:33:16.819" level="INFO">Deleting All Sessions</msg>
<status status="PASS" starttime="20221007 00:33:16.803" endtime="20221007 00:33:16.819"></status>
</kw>
<status status="PASS" starttime="20221007 00:33:16.803" endtime="20221007 00:33:16.819"></status>
</kw>
<status status="PASS" starttime="20221007 00:33:16.788" endtime="20221007 00:33:16.819" critical="yes"></status>
</test>
<test id="s1-s2-t2" name="TC2:Should insert multiple record of working class hero (POST)">
<kw name="Create API Session" type="setup">
<kw name="Create Session" library="RequestsLibrary">
<doc>Create Session: create a HTTP session to a server</doc>
<arguments>
<arg>insertsession</arg>
<arg>${base_url}</arg>
</arguments>
<msg timestamp="20221007 00:33:16.819" level="INFO">Creating Session using : alias=insertsession, url=http://localhost:8080, headers={},                     cookies={}, auth=None, timeout=None, proxies=None, verify=False,                     debug=0 </msg>
<status status="PASS" starttime="20221007 00:33:16.819" endtime="20221007 00:33:16.819"></status>
</kw>
<status status="PASS" starttime="20221007 00:33:16.819" endtime="20221007 00:33:16.819"></status>
</kw>
<kw name="Create Dictionary" library="BuiltIn">
<doc>Creates and returns a dictionary based on the given ``items``.</doc>
<arguments>
<arg>birthday=02021956</arg>
<arg>gender=f</arg>
<arg>name=minny</arg>
<arg>natid=hyjukitrfe</arg>
<arg>salary=50000</arg>
<arg>tax=880</arg>
</arguments>
<assign>
<var>${emp1}</var>
</assign>
<msg timestamp="20221007 00:33:16.819" level="INFO">${emp1} = {'birthday': '02021956', 'gender': 'f', 'name': 'minny', 'natid': 'hyjukitrfe', 'salary': '50000', 'tax': '880'}</msg>
<status status="PASS" starttime="20221007 00:33:16.819" endtime="20221007 00:33:16.819"></status>
</kw>
<kw name="Create List" library="BuiltIn">
<doc>Returns a list containing given items.</doc>
<arguments>
<arg>${emp1}</arg>
</arguments>
<assign>
<var>${body}</var>
</assign>
<msg timestamp="20221007 00:33:16.819" level="INFO">${body} = [{'birthday': '02021956', 'gender': 'f', 'name': 'minny', 'natid': 'hyjukitrfe', 'salary': '50000', 'tax': '880'}]</msg>
<status status="PASS" starttime="20221007 00:33:16.819" endtime="20221007 00:33:16.819"></status>
</kw>
<kw name="POST On Session" library="RequestsLibrary">
<doc>Sends a POST request on a previously created HTTP Session.</doc>
<arguments>
<arg>insertsession</arg>
<arg>/calculator/insertMultiple</arg>
<arg>json=${body}</arg>
<arg>headers=${header}</arg>
<arg>expected_status=202</arg>
</arguments>
<assign>
<var>${response}</var>
</assign>
<msg timestamp="20221007 00:33:16.819" level="INFO">POST Request : url=http://localhost:8080/calculator/insertMultiple 
 path_url=/calculator/insertMultiple 
[...]
</kw>
<kw name="Set Variable" library="BuiltIn">
<doc>Returns the given values which can then be assigned to a variables.</doc>
<arguments>
<arg>${response_data[0]}</arg>
</arguments>
<assign>
<var>${actual_emp1_dict}</var>
</assign>
<msg timestamp="20221007 00:33:17.821" level="INFO">${actual_emp1_dict} = {'natid': 'TCUt$$$$$$', 'name': 'Anna', 'relief': '24205.00'}</msg>
<status status="PASS" starttime="20221007 00:33:17.821" endtime="20221007 00:33:17.821"></status>
</kw>
<kw name="Get From Dictionary" library="Collections">
<doc>Returns a value from the given ``dictionary`` based on the given ``key``.</doc>
<arguments>
<arg>${actual_emp1_dict}</arg>
<arg>relief</arg>
</arguments>
<assign>
<var>${actual_emp_tax_relief}</var>
</assign>
<msg timestamp="20221007 00:33:17.821" level="INFO">${actual_emp_tax_relief} = 24205.00</msg>
<status status="PASS" starttime="20221007 00:33:17.821" endtime="20221007 00:33:17.821"></status>
</kw>
<msg timestamp="20221007 00:33:17.821" level="INFO">${tax_relief} = 24205.00</msg>
<status status="PASS" starttime="20221007 00:33:17.805" endtime="20221007 00:33:17.821"></status>
</kw>
<kw name="Then payable taxasion releif should be computed as per fomula">
<arguments>
<arg>${tax_relief}</arg>
<arg>${expected_tax_relief_for_75_age_female}</arg>
</arguments>
<kw name="Should Be Equal" library="BuiltIn">
<doc>Fails if the given objects are unequal.</doc>
<arguments>
<arg>${actual_tax_relief}</arg>
<arg>${expected_tax_relief}</arg>
</arguments>
<msg timestamp="20221007 00:33:17.821" level="FAIL">24205.00 != 24205.30</msg>
<status status="FAIL" starttime="20221007 00:33:17.821" endtime="20221007 00:33:17.821"></status>
</kw>
<status status="FAIL" starttime="20221007 00:33:17.821" endtime="20221007 00:33:17.821"></status>
</kw>
<kw name="Delete Test Data and Sessions" type="teardown">
<kw name="POST On Session" library="RequestsLibrary">
<doc>Sends a POST request on a previously created HTTP Session.</doc>
<arguments>
<arg>insertsession</arg>
<arg>/calculator/rakeDatabase</arg>
</arguments>
<msg timestamp="20221007 00:33:17.821" level="INFO">POST Request : url=http://localhost:8080/calculator/rakeDatabase 
 path_url=/calculator/rakeDatabase 
 headers={'User-Agent': 'python-requests/2.27.1', 'Accept-Encoding': 'gzip, deflate, br', 'Accept': '*/*', 'Connection': 'keep-alive', 'Content-Length': '0'} 
 body=None 
 </msg>
<msg timestamp="20221007 00:33:17.821" level="INFO">POST Response : url=http://localhost:8080/calculator/rakeDatabase 
 status=200, reason= 
 headers={'Content-Type': 'text/plain;charset=UTF-8', 'Content-Length': '21', 'Date': 'Thu, 06 Oct 2022 16:33:17 GMT'} 
 body=Successfully raked DB 
 </msg>
<status status="PASS" starttime="20221007 00:33:17.821" endtime="20221007 00:33:17.821"></status>
</kw>
<kw name="Delete All Sessions" library="RequestsLibrary">
<doc>Removes all the session objects</doc>
<msg timestamp="20221007 00:33:17.821" level="INFO">Deleting All Sessions</msg>
<status status="PASS" starttime="20221007 00:33:17.821" endtime="20221007 00:33:17.821"></status>
</kw>
<status status="PASS" starttime="20221007 00:33:17.821" endtime="20221007 00:33:17.821"></status>
</kw>
<status status="FAIL" starttime="20221007 00:33:17.790" endtime="20221007 00:33:17.821" critical="yes">24205.00 != 24205.30</status>
</test>
<test id="s1-s5-t17" name="TC17:Female Emplyee of 76 year old">
<kw name="Create API Session" type="setup">
<kw name="Create Session" library="RequestsLibrary">
<doc>Create Session: create a HTTP session to a server</doc>
<arguments>
<arg>insertsession</arg>
<arg>${base_url}</arg>
</arguments>
<msg timestamp="20221007 00:33:17.821" level="INFO">Creating Session using : alias=insertsession, url=http://localhost:8080, headers={},                     cookies={}, auth=None, timeout=None, proxies=None, verify=False,                     debug=0 </msg>
<status status="PASS" starttime="20221007 00:33:17.821" endtime="20221007 00:33:17.821"></status>
</kw>
<status status="PASS" starttime="20221007 00:33:17.821" endtime="20221007 00:33:17.821"></status>
</kw>
<kw name="Given Clerk inserted employee data in system">
<arguments>
<arg>${76_year_old_female}</arg>
</arguments>
<kw name="Log" library="BuiltIn">
<doc>Logs the given message with the given level.</doc>
<arguments>
<arg>${request_body}</arg>
</arguments>
<msg timestamp="20221007 00:33:17.821" level="INFO">{'birthday': '17071946', 'gender': 'F', 'name': 'Lucy', 'natid': 'zeDBHQQ1-Z', 'salary': '51762', 'tax': '11905.26'}</msg>
<status status="PASS" starttime="20221007 00:33:17.821" endtime="20221007 00:33:17.821"></status>
</kw>
<kw name="POST On Session" library="RequestsLibrary">
<doc>Sends a POST request on a previously created HTTP Session.</doc>
<arguments>
<arg>insertsession</arg>
<arg>/calculator/insert</arg>
<arg>json=${request_body}</arg>
<arg>headers=${header}</arg>
<arg>expected_status=202</arg>
</arguments>
<msg timestamp="20221007 00:33:17.837" level="INFO">POST Request : url=http://localhost:8080/calculator/insert 
 path_url=/calculator/insert 
 headers={'User-Agent': 'python-requests/2.27.1', 'Accept-Encoding': 'gzip, deflate, br', 'Accept': '*/*', 'Connection': 'keep-alive', 'content-type': 'application/json', 'Content-Length': '116'} 
 body=b'{"birthday": "17071946", "gender": "F", "name": "Lucy", "natid": "zeDBHQQ1-Z", "salary": "51762", "tax": "11905.26"}' 
 </msg>
<msg timestamp="20221007 00:33:17.837" level="INFO">POST Response : url=http://localhost:8080/calculator/insert 
 status=202, reason= 
 headers={'Content-Type': 'text/plain;charset=UTF-8', 'Content-Length': '7', 'Date': 'Thu, 06 Oct 2022 16:33:17 GMT'} 
 body=Alright 
 </msg>
<status status="PASS" starttime="20221007 00:33:17.821" endtime="20221007 00:33:17.837"></status>
</kw>
<status status="PASS" starttime="20221007 00:33:17.821" endtime="20221007 00:33:17.837"></status>
</kw>
<kw name="When Bookkeeper retirves payable taxasion relief">
<assign>
<var>${tax_relief}</var>
</assign>
<kw name="GET On Session" library="RequestsLibrary">
<doc>Sends a GET request on a previously created HTTP Session.</doc>
<arguments>
<arg>insertsession</arg>
<arg>/calculator/taxRelief</arg>
<arg>expected_status=200</arg>
</arguments>
<assign>
<var>${response}</var>
</assign>
<msg timestamp="20221007 00:33:17.837" level="INFO">GET Request : url=http://localhost:8080/calculator/taxRelief 
 path_url=/calculator/taxRelief 
 headers={'User-Agent': 'python-requests/2.27.1', 'Accept-Encoding': 'gzip, deflate, br', 'Accept': '*/*', 'Connection': 'keep-alive'} 
 body=None 
 </msg>
<msg timestamp="20221007 00:33:17.837" level="INFO">GET Response : url=http://localhost:8080/calculator/taxRelief 
 status=200, reason= 
 headers={'Content-Type': 'application/json;charset=UTF-8', 'Transfer-Encoding': 'chunked', 'Date': 'Thu, 06 Oct 2022 16:33:17 GMT'} 
 body=[{"natid":"zeDB$$$$$$","name":"Lucy","relief":"2492.84"}] 
 </msg>
<msg timestamp="20221007 00:33:17.837" level="INFO">${response} = &lt;Response [200]&gt;</msg>
<status status="PASS" starttime="20221007 00:33:17.837" endtime="20221007 00:33:17.837"></status>
</kw>
<kw name="Set Variable" library="BuiltIn">
<doc>Returns the given values which can then be assigned to a variables.</doc>
<arguments>
<arg>${response.json()}</arg>
</arguments>
<assign>
<var>${response_data}</var>
</assign>
<msg timestamp="20221007 00:33:17.837" level="INFO">${response_data} = [{'natid': 'zeDB$$$$$$', 'name': 'Lucy', 'relief': '2492.84'}]</msg>
<status status="PASS" starttime="20221007 00:33:17.837" endtime="20221007 00:33:17.837"></status>
</kw>
<kw name="Set Variable" library="BuiltIn">
<doc>Returns the given values which can then be assigned to a variables.</doc>
<arguments>
<arg>${response_data[0]}</arg>
</arguments>
<assign>
<var>${actual_emp1_dict}</var>
</assign>
<msg timestamp="20221007 00:33:17.837" level="INFO">${actual_emp1_dict} = {'natid': 'zeDB$$$$$$', 'name': 'Lucy', 'relief': '2492.84'}</msg>
<status status="PASS" starttime="20221007 00:33:17.837" endtime="20221007 00:33:17.837"></status>
</kw>
<kw name="Get From Dictionary" library="Collections">
<doc>Returns a value from the given ``dictionary`` based on the given ``key``.</doc>
<arguments>
<arg>${actual_emp1_dict}</arg>
<arg>relief</arg>
</arguments>
<assign>
<var>${actual_emp_tax_relief}</var>
</assign>
<msg timestamp="20221007 00:33:17.837" level="INFO">${actual_emp_tax_relief} = 2492.84</msg>
<status status="PASS" starttime="20221007 00:33:17.837" endtime="20221007 00:33:17.837"></status>
</kw>
<msg timestamp="20221007 00:33:17.837" level="INFO">${tax_relief} = 2492.84</msg>
<status status="PASS" starttime="20221007 00:33:17.837" endtime="20221007 00:33:17.837"></status>
</kw>
<kw name="Then payable taxasion releif should be computed as per fomula">
<arguments>
<arg>${tax_relief}</arg>
<arg>${expected_tax_relief_for_76_age_female}</arg>
</arguments>
<kw name="Should Be Equal" library="BuiltIn">
<doc>Fails if the given objects are unequal.</doc>
<arguments>
<arg>${actual_tax_relief}</arg>
<arg>${expected_tax_relief}</arg>
</arguments>
<msg timestamp="20221007 00:33:17.837" level="FAIL">2492.84 != 2492.80</msg>
<status status="FAIL" starttime="20221007 00:33:17.837" endtime="20221007 00:33:17.837"></status>
</kw>
<status status="FAIL" starttime="20221007 00:33:17.837" endtime="20221007 00:33:17.837"></status>
</kw>
<kw name="Delete Test Data and Sessions" type="teardown">
<kw name="POST On Session" library="RequestsLibrary">
<doc>Sends a POST request on a previously created HTTP Session.</doc>
<arguments>
<arg>insertsession</arg>
<arg>/calculator/rakeDatabase</arg>
</arguments>
<msg timestamp="20221007 00:33:17.852" level="INFO">POST Request : url=http://localhost:8080/calculator/rakeDatabase 
 path_url=/calculator/rakeDatabase 
 headers={'User-Agent': 'python-requests/2.27.1', 'Accept-Encoding': 'gzip, deflate, br', 'Accept': '*/*', 'Connection': 'keep-alive', 'Content-Length': '0'} 
 body=None 
 </msg>
<msg timestamp="20221007 00:33:17.852" level="INFO">POST Response : url=http://localhost:8080/calculator/rakeDatabase 
 status=200, reason= 
 headers={'Content-Type': 'text/plain;charset=UTF-8', 'Content-Length': '21', 'Date': 'Thu, 06 Oct 2022 16:33:17 GMT'} 
 body=Successfully raked DB 
 </msg>
<status status="PASS" starttime="20221007 00:33:17.837" endtime="20221007 00:33:17.852"></status>
</kw>
<kw name="Delete All Sessions" library="RequestsLibrary">
<doc>Removes all the session objects</doc>
<msg timestamp="20221007 00:33:17.852" level="INFO">Deleting All Sessions</msg>
<status status="PASS" starttime="20221007 00:33:17.852" endtime="20221007 00:33:17.852"></status>
</kw>
<status status="PASS" starttime="20221007 00:33:17.837" endtime="20221007 00:33:17.852"></status>
</kw>
<status status="FAIL" starttime="20221007 00:33:17.821" endtime="20221007 00:33:17.852" critical="yes">2492.84 != 2492.80</status>
</test>
<test id="s1-s5-t18" name="TC18:Female Emplyee of 77 year old">
<kw name="Create API Session" type="setup">
<kw name="Create Session" library="RequestsLibrary">
<doc>Create Session: create a HTTP session to a server</doc>
<arguments>
<arg>insertsession</arg>
<arg>${base_url}</arg>
</arguments>
<msg timestamp="20221007 00:33:17.852" level="INFO">Creating Session using : alias=insertsession, url=http://localhost:8080, headers={},                     cookies={}, auth=None, timeout=None, proxies=None, verify=False,                     debug=0 </msg>
<status status="PASS" starttime="20221007 00:33:17.852" endtime="20221007 00:33:17.852"></status>
</kw>
<status status="PASS" starttime="20221007 00:33:17.852" endtime="20221007 00:33:17.852"></status>
</kw>
<kw name="Given Clerk inserted employee data in system">
<arguments>
<arg>${77_year_old_female}</arg>
</arguments>
<kw name="Log" library="BuiltIn">
<doc>Logs the given message with the given level.</doc>
<arguments>
<arg>${request_body}</arg>
</arguments>
<msg timestamp="20221007 00:33:17.859" level="INFO">{'birthday': '02021945', 'gender': 'F', 'name': 'Aria', 'natid': 'yqGYL6ABk0', 'salary': '54205', 'tax': '12467.15'}</msg>
<status status="PASS" starttime="20221007 00:33:17.852" endtime="20221007 00:33:17.859"></status>
</kw>
<kw name="POST On Session" library="RequestsLibrary">
<doc>Sends a POST request on a previously created HTTP Session.</doc>
<arguments>
<arg>insertsession</arg>
<arg>/calculator/insert</arg>
<arg>json=${request_body}</arg>
<arg>headers=${header}</arg>
<arg>expected_status=202</arg>
</arguments>
<msg timestamp="20221007 00:33:17.859" level="INFO">POST Request : url=http://localhost:8080/calculator/insert 
 path_url=/calculator/insert 
 headers={'User-Agent': 'python-requests/2.27.1', 'Accept-Encoding': 'gzip, deflate, br', 'Accept': '*/*', 'Connection': 'keep-alive', 'content-type': 'application/json', 'Content-Length': '116'} 
 body=b'{"birthday": "02021945", "gender": "F", "name": "Aria", "natid": "yqGYL6ABk0", "salary": "54205", "tax": "12467.15"}' 
 </msg>
<msg timestamp="20221007 00:33:17.859" level="INFO">POST Response : url=http://localhost:8080/calculator/insert 
 status=202, reason= 
 headers={'Content-Type': 'text/plain;charset=UTF-8', 'Content-Length': '7', 'Date': 'Thu, 06 Oct 2022 16:33:17 GMT'} 
 body=Alright 
 </msg>
<status status="PASS" starttime="20221007 00:33:17.859" endtime="20221007 00:33:17.859"></status>
</kw>
<status status="PASS" starttime="20221007 00:33:17.852" endtime="20221007 00:33:17.859"></status>
</kw>
<kw name="When Bookkeeper retirves payable taxasion relief">
<assign>
<var>${tax_relief}</var>
</assign>
<kw name="GET On Session" library="RequestsLibrary">
<doc>Sends a GET request on a previously created HTTP Session.</doc>
<arguments>
<arg>insertsession</arg>
<arg>/calculator/taxRelief</arg>
<arg>expected_status=200</arg>
</arguments>
<assign>
<var>${response}</var>
</assign>
<msg timestamp="20221007 00:33:17.859" level="INFO">GET Request : url=http://localhost:8080/calculator/taxRelief 
 path_url=/calculator/taxRelief 
 headers={'User-Agent': 'python-requests/2.27.1', 'Accept-Encoding': 'gzip, deflate, br', 'Accept': '*/*', 'Connection': 'keep-alive'} 
 body=None 
 </msg>
<msg timestamp="20221007 00:33:17.859" level="INFO">GET Response : url=http://localhost:8080/calculator/taxRelief 
 status=200, reason= 
 headers={'Content-Type': 'application/json;charset=UTF-8', 'Transfer-Encoding': 'chunked', 'Date': 'Thu, 06 Oct 2022 16:33:17 GMT'} 
 body=[{"natid":"yqGY$$$$$$","name":"Aria","relief":"2586.90"}] 
 </msg>
<msg timestamp="20221007 00:33:17.859" level="INFO">${response} = &lt;Response [200]&gt;</msg>
<status status="PASS" starttime="20221007 00:33:17.859" endtime="20221007 00:33:17.859"></status>
</kw>
<kw name="Set Variable" library="BuiltIn">
<doc>Returns the given values which can then be assigned to a variables.</doc>
<arguments>
<arg>${response.json()}</arg>
</arguments>
<assign>
<var>${response_data}</var>
</assign>
<msg timestamp="20221007 00:33:17.859" level="INFO">${response_data} = [{'natid': 'yqGY$$$$$$', 'name': 'Aria', 'relief': '2586.90'}]</msg>
<status status="PASS" starttime="20221007 00:33:17.859" endtime="20221007 00:33:17.859"></status>
</kw>
<kw name="Set Variable" library="BuiltIn">
<doc>Returns the given values which can then be assigned to a variables.</doc>
<arguments>
<arg>${response_data[0]}</arg>
</arguments>
<assign>
<var>${actual_emp1_dict}</var>
</assign>
<msg timestamp="20221007 00:33:17.859" level="INFO">${actual_emp1_dict} = {'natid': 'yqGY$$$$$$', 'name': 'Aria', 'relief': '2586.90'}</msg>
<status status="PASS" starttime="20221007 00:33:17.859" endtime="20221007 00:33:17.859"></status>
</kw>
<kw name="Get From Dictionary" library="Collections">
<doc>Returns a value from the given ``dictionary`` based on the given ``key``.</doc>
<arguments>
<arg>${actual_emp1_dict}</arg>
<arg>relief</arg>
</arguments>
<assign>
<var>${actual_emp_tax_relief}</var>
</assign>
<msg timestamp="20221007 00:33:17.859" level="INFO">${actual_emp_tax_relief} = 2586.90</msg>
<status status="PASS" starttime="20221007 00:33:17.859" endtime="20221007 00:33:17.859"></status>
</kw>
<msg timestamp="20221007 00:33:17.859" level="INFO">${tax_relief} = 2586.90</msg>
<status status="PASS" starttime="20221007 00:33:17.859" endtime="20221007 00:33:17.859"></status>
</kw>
<kw name="Then payable taxasion releif should be computed as per fomula">
<arguments>
<arg>${tax_relief}</arg>
<arg>${expected_tax_relief_for_77_age_female}</arg>
</arguments>
<kw name="Should Be Equal" library="BuiltIn">
<doc>Fails if the given objects are unequal.</doc>
<arguments>
<arg>${actual_tax_relief}</arg>
<arg>${expected_tax_relief}</arg>
</arguments>
<status status="PASS" starttime="20221007 00:33:17.859" endtime="20221007 00:33:17.859"></status>
</kw>
<status status="PASS" starttime="20221007 00:33:17.859" endtime="20221007 00:33:17.859"></status>
</kw>
<kw name="Delete Test Data and Sessions" type="teardown">
<kw name="POST On Session" library="RequestsLibrary">
<doc>Sends a POST request on a previously created HTTP Session.</doc>
<arguments>
<arg>insertsession</arg>
<arg>/calculator/rakeDatabase</arg>
</arguments>
<msg timestamp="20221007 00:33:17.874" level="INFO">POST Request : url=http://localhost:8080/calculator/rakeDatabase 
 path_url=/calculator/rakeDatabase 
 headers={'User-Agent': 'python-requests/2.27.1', 'Accept-Encoding': 'gzip, deflate, br', 'Accept': '*/*', 'Connection': 'keep-alive', 'Content-Length': '0'} 
 body=None 
 </msg>
<msg timestamp="20221007 00:33:17.874" level="INFO">POST Response : url=http://localhost:8080/calculator/rakeDatabase 
 status=200, reason= 
 headers={'Content-Type': 'text/plain;charset=UTF-8', 'Content-Length': '21', 'Date': 'Thu, 06 Oct 2022 16:33:17 GMT'} 
 body=Successfully raked DB 
 </msg>
<status status="PASS" starttime="20221007 00:33:17.874" endtime="20221007 00:33:17.874"></status>
</kw>
<kw name="Delete All Sessions" library="RequestsLibrary">
<doc>Removes all the session objects</doc>
<msg timestamp="20221007 00:33:17.874" level="INFO">Deleting All Sessions</msg>
<status status="PASS" starttime="20221007 00:33:17.874" endtime="20221007 00:33:17.874"></status>
</kw>
<status status="PASS" starttime="20221007 00:33:17.874" endtime="20221007 00:33:17.874"></status>
</kw>
<status status="PASS" starttime="20221007 00:33:17.852" endtime="20221007 00:33:17.874" critical="yes"></status>
</test>
<doc>Age wise boundary testing for tax relief calculation</doc>
<status status="FAIL" starttime="20221007 00:33:17.357" endtime="20221007 00:33:17.874"></status>
</suite>
<status status="FAIL" starttime="20221007 00:33:16.217" endtime="20221007 00:33:17.874"></status>
</suite>
<statistics>
<total>
<stat pass="30" fail="22">Critical Tests</stat>
<stat pass="30" fail="22">All Tests</stat>
</total>
<tag>
</tag>
<suite>
<stat pass="30" fail="22" id="s1" name="Userstory1 &amp; Userstory2 &amp; Userstory3 &amp; Userstory4 &amp; Tax Relief Computation Boundry Test">Userstory1 &amp; Userstory2 &amp; Userstory3 &amp; Userstory4 &amp; Tax Relief Computation Boundry Test</stat>
<stat pass="12" fail="2" id="s1-s1" name="Userstory1">Userstory1 &amp; Userstory2 &amp; Userstory3 &amp; Userstory4 &amp; Tax Relief Computation Boundry Test.Userstory1</stat>
<stat pass="4" fail="2" id="s1-s2" name="Userstory2">Userstory1 &amp; Userstory2 &amp; Userstory3 &amp; Userstory4 &amp; Tax Relief Computation Boundry Test.Userstory2</stat>
<stat pass="4" fail="4" id="s1-s3" name="Userstory3">Userstory1 &amp; Userstory2 &amp; Userstory3 &amp; Userstory4 &amp; Tax Relief Computation Boundry Test.Userstory3</stat>
<stat pass="4" fail="2" id="s1-s4" name="Userstory4">Userstory1 &amp; Userstory2 &amp; Userstory3 &amp; Userstory4 &amp; Tax Relief Computation Boundry Test.Userstory4</stat>
<stat pass="6" fail="12" id="s1-s5" name="Tax Relief Computation Boundry Test">Userstory1 &amp; Userstory2 &amp; Userstory3 &amp; Userstory4 &amp; Tax Relief Computation Boundry Test.Tax Relief Computation Boundry Test</stat>
</suite>
</statistics>
<errors>
</errors>
</robot>
